Using pre-set license
Built from '2020.3/staging' branch; Version is '2020.3.5f1 (8095aa901b9b) revision 8426922'; Using compiler version '192528614'; Build Type 'Release'
OS: 'Windows 10 Pro; OS build 19041.985; Version 2004; 64bit' Language: 'ru' Physical Memory: 16332 MB
BatchMode: 1, IsHumanControllingUs: 0, StartBugReporterOnCrash: 0, Is64bit: 1, IsPro: 0

 COMMAND LINE ARGUMENTS:
D:\GAMES\unity\2020.3.5f1\Editor\Unity.exe
-adb2
-batchMode
-noUpm
-name
AssetImportWorker0
-projectPath
D:/GAMES/unity/projects/freeprojects/project_1/project_Unity_1
-logFile
Logs/AssetImportWorker0.log
-srvPort
64655
Successfully changed project path to: D:/GAMES/unity/projects/freeprojects/project_1/project_Unity_1
D:/GAMES/unity/projects/freeprojects/project_1/project_Unity_1
Using Asset Import Pipeline V2.
Refreshing native plugins compatible for Editor in 21.26 ms, found 0 plugins.
Preloading 0 native plugins for Editor in 0.00 ms.
Initialize engine version: 2020.3.5f1 (8095aa901b9b)
[Subsystems] Discovering subsystems at path D:/GAMES/unity/2020.3.5f1/Editor/Data/Resources/UnitySubsystems
[Subsystems] Discovering subsystems at path D:/GAMES/unity/projects/freeprojects/project_1/project_Unity_1/Assets
GfxDevice: creating device client; threaded=0
Direct3D:
    Version:  Direct3D 11.0 [level 11.1]
    Renderer: NVIDIA GeForce RTX 2080 Ti (ID=0x1e07)
    Vendor:   
    VRAM:     11048 MB
    Driver:   27.21.14.6627
Initialize mono
Mono path[0] = 'D:/GAMES/unity/2020.3.5f1/Editor/Data/Managed'
Mono path[1] = 'D:/GAMES/unity/2020.3.5f1/Editor/Data/MonoBleedingEdge/lib/mono/unityjit'
Mono config path = 'D:/GAMES/unity/2020.3.5f1/Editor/Data/MonoBleedingEdge/etc'
Using monoOptions --debugger-agent=transport=dt_socket,embedding=1,server=y,suspend=n,address=127.0.0.1:56868
Begin MonoManager ReloadAssembly
Registering precompiled unity dll's ...
Register platform support module: D:/GAMES/unity/2020.3.5f1/Editor/Data/PlaybackEngines/WindowsStandaloneSupport/UnityEditor.WindowsStandalone.Extensions.dll
Registered in 0.000918 seconds.
Native extension for WindowsStandalone target not found
Refreshing native plugins compatible for Editor in 22.67 ms, found 0 plugins.
Preloading 0 native plugins for Editor in 0.00 ms.
Mono: successfully reloaded assembly
- Completed reload, in  0.722 seconds
Platform modules already initialized, skipping
Registering precompiled user dll's ...
Registered in 0.000371 seconds.
Begin MonoManager ReloadAssembly
Native extension for WindowsStandalone target not found
Refreshing native plugins compatible for Editor in 0.23 ms, found 0 plugins.
Preloading 0 native plugins for Editor in 0.00 ms.
Mono: successfully reloaded assembly
- Completed reload, in  0.633 seconds
Platform modules already initialized, skipping
========================================================================
Worker process is ready to serve import requests
Launched and connected shader compiler UnityShaderCompiler.exe after 0.04 seconds
Refreshing native plugins compatible for Editor in 0.22 ms, found 0 plugins.
Preloading 0 native plugins for Editor in 0.00 ms.
Unloading 1139 Unused Serialized files (Serialized files now loaded: 0)
System memory in use before: 61.3 MB.
System memory in use after: 61.4 MB.

Unloading 10 unused Assets to reduce memory usage. Loaded Objects now: 1586.
Total: 1.530900 ms (FindLiveObjects: 0.227600 ms CreateObjectMapping: 0.056800 ms MarkObjects: 1.170500 ms  DeleteObjects: 0.075100 ms)

========================================================================
Received Import Request.
  path: Assets/Scenes/Level_1.unity
  artifactKey: Guid(9ce1cbbd172441f4b952f77518463c2c) Importer(815301076,1909f56bfc062723c751e8b465ee728b)
Start importing Assets/Scenes/Level_1.unity using Guid(9ce1cbbd172441f4b952f77518463c2c) Importer(815301076,1909f56bfc062723c751e8b465ee728b)  -> (artifact id: '22801c0c012e9292719b7663d4a9a821') in 0.008252 seconds
  Import took 0.010296 seconds .

========================================================================
Received Prepare
Registering precompiled user dll's ...
Registered in 0.000449 seconds.
Begin MonoManager ReloadAssembly
Native extension for WindowsStandalone target not found
Refreshing native plugins compatible for Editor in 0.23 ms, found 0 plugins.
Preloading 0 native plugins for Editor in 0.00 ms.
Mono: successfully reloaded assembly
- Completed reload, in  0.625 seconds
Platform modules already initialized, skipping
Refreshing native plugins compatible for Editor in 0.23 ms, found 0 plugins.
Preloading 0 native plugins for Editor in 0.00 ms.
Unloading 1121 Unused Serialized files (Serialized files now loaded: 0)
System memory in use before: 60.0 MB.
System memory in use after: 60.1 MB.

Unloading 5 unused Assets to reduce memory usage. Loaded Objects now: 1589.
Total: 1.672200 ms (FindLiveObjects: 0.160800 ms CreateObjectMapping: 0.029300 ms MarkObjects: 1.423700 ms  DeleteObjects: 0.057100 ms)

========================================================================
Received Import Request.
  Time since last request: 111.881171 seconds.
  path: Assets/Scripts/Level_2Scripts/PersonMoveWithRigidBody.cs
  artifactKey: Guid(239bfb028c84e5c48b7939aba1fe5d5b) Importer(815301076,1909f56bfc062723c751e8b465ee728b)
Start importing Assets/Scripts/Level_2Scripts/PersonMoveWithRigidBody.cs using Guid(239bfb028c84e5c48b7939aba1fe5d5b) Importer(815301076,1909f56bfc062723c751e8b465ee728b)  -> (artifact id: 'd58c79a909678aa6cea09dfa8899b0a4') in 0.024456 seconds
  Import took 0.026229 seconds .

========================================================================
Received Import Request.
  Time since last request: 24.511673 seconds.
  path: Assets/Scripts/Level_1Scripts/Singlton_trigger_jump.cs
  artifactKey: Guid(1fe9a62dba68baa4aa0da92da66547b0) Importer(815301076,1909f56bfc062723c751e8b465ee728b)
Start importing Assets/Scripts/Level_1Scripts/Singlton_trigger_jump.cs using Guid(1fe9a62dba68baa4aa0da92da66547b0) Importer(815301076,1909f56bfc062723c751e8b465ee728b)  -> (artifact id: '479d92bfadfa630c4ddabdbfbc5a5a60') in 0.001119 seconds
  Import took 0.002758 seconds .

========================================================================
Received Import Request.
  Time since last request: 0.002227 seconds.
  path: Assets/Scripts/Level_1Scripts/Singlton_trigger_jump.cs
  artifactKey: Guid(1fe9a62dba68baa4aa0da92da66547b0) Importer(815301076,1909f56bfc062723c751e8b465ee728b)
Start importing Assets/Scripts/Level_1Scripts/Singlton_trigger_jump.cs using Guid(1fe9a62dba68baa4aa0da92da66547b0) Importer(815301076,1909f56bfc062723c751e8b465ee728b)  -> (artifact id: '479d92bfadfa630c4ddabdbfbc5a5a60') in 0.000802 seconds
  Import took 0.002091 seconds .

========================================================================
Received Prepare
Registering precompiled user dll's ...
Registered in 0.000366 seconds.
Begin MonoManager ReloadAssembly
Native extension for WindowsStandalone target not found
Refreshing native plugins compatible for Editor in 0.26 ms, found 0 plugins.
Preloading 0 native plugins for Editor in 0.00 ms.
Mono: successfully reloaded assembly
- Completed reload, in  0.573 seconds
Platform modules already initialized, skipping
Refreshing native plugins compatible for Editor in 0.23 ms, found 0 plugins.
Preloading 0 native plugins for Editor in 0.00 ms.
Unloading 1121 Unused Serialized files (Serialized files now loaded: 0)
System memory in use before: 60.0 MB.
System memory in use after: 60.1 MB.

Unloading 5 unused Assets to reduce memory usage. Loaded Objects now: 1592.
Total: 1.549000 ms (FindLiveObjects: 0.177400 ms CreateObjectMapping: 0.028100 ms MarkObjects: 1.282800 ms  DeleteObjects: 0.059400 ms)

========================================================================
Received Prepare
Registering precompiled user dll's ...
Registered in 0.000501 seconds.
Begin MonoManager ReloadAssembly
Native extension for WindowsStandalone target not found
Refreshing native plugins compatible for Editor in 0.24 ms, found 0 plugins.
Preloading 0 native plugins for Editor in 0.00 ms.
Mono: successfully reloaded assembly
- Completed reload, in  0.598 seconds
Platform modules already initialized, skipping
Refreshing native plugins compatible for Editor in 0.28 ms, found 0 plugins.
Preloading 0 native plugins for Editor in 0.00 ms.
Unloading 1121 Unused Serialized files (Serialized files now loaded: 0)
System memory in use before: 60.0 MB.
System memory in use after: 60.1 MB.

Unloading 5 unused Assets to reduce memory usage. Loaded Objects now: 1595.
Total: 1.538400 ms (FindLiveObjects: 0.212700 ms CreateObjectMapping: 0.073200 ms MarkObjects: 1.200100 ms  DeleteObjects: 0.051400 ms)

========================================================================
Received Import Request.
  Time since last request: 51.417606 seconds.
  path: Assets/Scripts/Level_1Scripts/PersonMove.cs
  artifactKey: Guid(4655eb1ebc816414a94ebbb541027c5a) Importer(815301076,1909f56bfc062723c751e8b465ee728b)
Start importing Assets/Scripts/Level_1Scripts/PersonMove.cs using Guid(4655eb1ebc816414a94ebbb541027c5a) Importer(815301076,1909f56bfc062723c751e8b465ee728b)  -> (artifact id: '3a0b530332268394f06607d0aa5cdb8a') in 0.005450 seconds
  Import took 0.007368 seconds .

========================================================================
Received Prepare
Registering precompiled user dll's ...
Registered in 0.000553 seconds.
Begin MonoManager ReloadAssembly
Native extension for WindowsStandalone target not found
Refreshing native plugins compatible for Editor in 0.28 ms, found 0 plugins.
Preloading 0 native plugins for Editor in 0.00 ms.
Mono: successfully reloaded assembly
- Completed reload, in  0.697 seconds
Platform modules already initialized, skipping
Refreshing native plugins compatible for Editor in 0.31 ms, found 0 plugins.
Preloading 0 native plugins for Editor in 0.00 ms.
Unloading 1121 Unused Serialized files (Serialized files now loaded: 0)
System memory in use before: 60.1 MB.
System memory in use after: 60.1 MB.

Unloading 5 unused Assets to reduce memory usage. Loaded Objects now: 1598.
Total: 1.905800 ms (FindLiveObjects: 0.236900 ms CreateObjectMapping: 0.062100 ms MarkObjects: 1.551100 ms  DeleteObjects: 0.054300 ms)

========================================================================
Received Prepare
Registering precompiled user dll's ...
Registered in 0.000359 seconds.
Begin MonoManager ReloadAssembly
Native extension for WindowsStandalone target not found
Refreshing native plugins compatible for Editor in 0.22 ms, found 0 plugins.
Preloading 0 native plugins for Editor in 0.00 ms.
Mono: successfully reloaded assembly
- Completed reload, in  0.591 seconds
Platform modules already initialized, skipping
Refreshing native plugins compatible for Editor in 0.23 ms, found 0 plugins.
Preloading 0 native plugins for Editor in 0.00 ms.
Unloading 1121 Unused Serialized files (Serialized files now loaded: 0)
System memory in use before: 60.1 MB.
System memory in use after: 60.1 MB.

Unloading 5 unused Assets to reduce memory usage. Loaded Objects now: 1601.
Total: 1.412700 ms (FindLiveObjects: 0.130700 ms CreateObjectMapping: 0.024400 ms MarkObjects: 1.212300 ms  DeleteObjects: 0.044300 ms)

========================================================================
Received Prepare
Registering precompiled user dll's ...
Registered in 0.000406 seconds.
Begin MonoManager ReloadAssembly
Native extension for WindowsStandalone target not found
Refreshing native plugins compatible for Editor in 0.23 ms, found 0 plugins.
Preloading 0 native plugins for Editor in 0.00 ms.
Mono: successfully reloaded assembly
- Completed reload, in  0.607 seconds
Platform modules already initialized, skipping
Refreshing native plugins compatible for Editor in 0.25 ms, found 0 plugins.
Preloading 0 native plugins for Editor in 0.00 ms.
Unloading 1121 Unused Serialized files (Serialized files now loaded: 0)
System memory in use before: 60.1 MB.
System memory in use after: 60.1 MB.

Unloading 5 unused Assets to reduce memory usage. Loaded Objects now: 1604.
Total: 2.000700 ms (FindLiveObjects: 0.183400 ms CreateObjectMapping: 0.025300 ms MarkObjects: 1.736300 ms  DeleteObjects: 0.054800 ms)

AssetImportWorkerClient::OnTransportError - code=2 error=End of file
