Using pre-set license
Built from '2020.3/staging' branch; Version is '2020.3.5f1 (8095aa901b9b) revision 8426922'; Using compiler version '192528614'; Build Type 'Release'
OS: 'Windows 10 Pro; OS build 19041.985; Version 2004; 64bit' Language: 'ru' Physical Memory: 16332 MB
BatchMode: 1, IsHumanControllingUs: 0, StartBugReporterOnCrash: 0, Is64bit: 1, IsPro: 0

 COMMAND LINE ARGUMENTS:
D:\GAMES\unity\2020.3.5f1\Editor\Unity.exe
-adb2
-batchMode
-noUpm
-name
AssetImportWorker0
-projectPath
D:/GAMES/unity/projects/lesson8/lesson5_2(Game)
-logFile
Logs/AssetImportWorker0.log
-srvPort
49827
Successfully changed project path to: D:/GAMES/unity/projects/lesson8/lesson5_2(Game)
D:/GAMES/unity/projects/lesson8/lesson5_2(Game)
Using Asset Import Pipeline V2.
Refreshing native plugins compatible for Editor in 22.44 ms, found 0 plugins.
Preloading 0 native plugins for Editor in 0.00 ms.
Initialize engine version: 2020.3.5f1 (8095aa901b9b)
[Subsystems] Discovering subsystems at path D:/GAMES/unity/2020.3.5f1/Editor/Data/Resources/UnitySubsystems
[Subsystems] Discovering subsystems at path D:/GAMES/unity/projects/lesson8/lesson5_2(Game)/Assets
GfxDevice: creating device client; threaded=0
Direct3D:
    Version:  Direct3D 11.0 [level 11.1]
    Renderer: NVIDIA GeForce RTX 2080 Ti (ID=0x1e07)
    Vendor:   
    VRAM:     11048 MB
    Driver:   27.21.14.6627
Initialize mono
Mono path[0] = 'D:/GAMES/unity/2020.3.5f1/Editor/Data/Managed'
Mono path[1] = 'D:/GAMES/unity/2020.3.5f1/Editor/Data/MonoBleedingEdge/lib/mono/unityjit'
Mono config path = 'D:/GAMES/unity/2020.3.5f1/Editor/Data/MonoBleedingEdge/etc'
Using monoOptions --debugger-agent=transport=dt_socket,embedding=1,server=y,suspend=n,address=127.0.0.1:56244
Begin MonoManager ReloadAssembly
Registering precompiled unity dll's ...
Register platform support module: D:/GAMES/unity/2020.3.5f1/Editor/Data/PlaybackEngines/WindowsStandaloneSupport/UnityEditor.WindowsStandalone.Extensions.dll
Registered in 0.000807 seconds.
Native extension for WindowsStandalone target not found
Refreshing native plugins compatible for Editor in 22.85 ms, found 0 plugins.
Preloading 0 native plugins for Editor in 0.00 ms.
Mono: successfully reloaded assembly
- Completed reload, in  0.731 seconds
Platform modules already initialized, skipping
Registering precompiled user dll's ...
Registered in 0.000339 seconds.
Begin MonoManager ReloadAssembly
Native extension for WindowsStandalone target not found
Refreshing native plugins compatible for Editor in 0.24 ms, found 0 plugins.
Preloading 0 native plugins for Editor in 0.00 ms.
Mono: successfully reloaded assembly
- Completed reload, in  0.640 seconds
Platform modules already initialized, skipping
========================================================================
Worker process is ready to serve import requests
Launched and connected shader compiler UnityShaderCompiler.exe after 0.04 seconds
Refreshing native plugins compatible for Editor in 0.24 ms, found 0 plugins.
Preloading 0 native plugins for Editor in 0.00 ms.
Unloading 1165 Unused Serialized files (Serialized files now loaded: 0)
System memory in use before: 61.5 MB.
System memory in use after: 61.6 MB.

Unloading 10 unused Assets to reduce memory usage. Loaded Objects now: 1612.
Total: 1.715200 ms (FindLiveObjects: 0.127200 ms CreateObjectMapping: 0.025900 ms MarkObjects: 1.496900 ms  DeleteObjects: 0.064300 ms)

========================================================================
Received Import Request.
  path: Assets/Scripts/SceneLoad.cs
  artifactKey: Guid(926fa1d1382ee2a438831a1b5b6efc42) Importer(815301076,1909f56bfc062723c751e8b465ee728b)
Start importing Assets/Scripts/SceneLoad.cs using Guid(926fa1d1382ee2a438831a1b5b6efc42) Importer(815301076,1909f56bfc062723c751e8b465ee728b)  -> (artifact id: '1e6c720ae34726e4d185d7bdaf7136ea') in 0.022596 seconds
  Import took 0.024179 seconds .

========================================================================
Received Prepare
Registering precompiled user dll's ...
Registered in 0.000404 seconds.
Begin MonoManager ReloadAssembly
Native extension for WindowsStandalone target not found
Refreshing native plugins compatible for Editor in 0.23 ms, found 0 plugins.
Preloading 0 native plugins for Editor in 0.00 ms.
Mono: successfully reloaded assembly
- Completed reload, in  0.595 seconds
Platform modules already initialized, skipping
Refreshing native plugins compatible for Editor in 0.23 ms, found 0 plugins.
Preloading 0 native plugins for Editor in 0.00 ms.
Unloading 1145 Unused Serialized files (Serialized files now loaded: 0)
System memory in use before: 60.1 MB.
System memory in use after: 60.1 MB.

Unloading 6 unused Assets to reduce memory usage. Loaded Objects now: 1614.
Total: 1.496500 ms (FindLiveObjects: 0.138600 ms CreateObjectMapping: 0.027400 ms MarkObjects: 1.283900 ms  DeleteObjects: 0.045800 ms)

========================================================================
Received Import Request.
  Time since last request: 42.597239 seconds.
  path: Assets/Scripts/ActivationGame.cs
  artifactKey: Guid(c45b86a5347d0974991f005df03a669c) Importer(815301076,1909f56bfc062723c751e8b465ee728b)
Start importing Assets/Scripts/ActivationGame.cs using Guid(c45b86a5347d0974991f005df03a669c) Importer(815301076,1909f56bfc062723c751e8b465ee728b)  -> (artifact id: '2563a90a8e9e5d99150081378bc69e27') in 0.002934 seconds
  Import took 0.004804 seconds .

========================================================================
Received Import Request.
  Time since last request: 0.000382 seconds.
  path: Assets/Scripts/ActivationGame.cs
  artifactKey: Guid(c45b86a5347d0974991f005df03a669c) Importer(815301076,1909f56bfc062723c751e8b465ee728b)
Start importing Assets/Scripts/ActivationGame.cs using Guid(c45b86a5347d0974991f005df03a669c) Importer(815301076,1909f56bfc062723c751e8b465ee728b)  -> (artifact id: '2563a90a8e9e5d99150081378bc69e27') in 0.000776 seconds
  Import took 0.002774 seconds .

AssetImportWorkerClient::OnTransportError - code=2 error=End of file
