Using pre-set license
Built from '2020.3/staging' branch; Version is '2020.3.5f1 (8095aa901b9b) revision 8426922'; Using compiler version '192528614'; Build Type 'Release'
OS: 'Windows 10 Pro; OS build 19041.928; Version 2004; 64bit' Language: 'ru' Physical Memory: 16332 MB
BatchMode: 1, IsHumanControllingUs: 0, StartBugReporterOnCrash: 0, Is64bit: 1, IsPro: 0

 COMMAND LINE ARGUMENTS:
D:\GAMES\unity\2020.3.5f1\Editor\Unity.exe
-adb2
-batchMode
-noUpm
-name
AssetImportWorker0
-projectPath
D:/GAMES/unity/projects/lesson3/Lesson3
-logFile
Logs/AssetImportWorker0.log
-srvPort
50202
Successfully changed project path to: D:/GAMES/unity/projects/lesson3/Lesson3
D:/GAMES/unity/projects/lesson3/Lesson3
Using Asset Import Pipeline V2.
Refreshing native plugins compatible for Editor in 19.35 ms, found 0 plugins.
Preloading 0 native plugins for Editor in 0.00 ms.
Initialize engine version: 2020.3.5f1 (8095aa901b9b)
[Subsystems] Discovering subsystems at path D:/GAMES/unity/2020.3.5f1/Editor/Data/Resources/UnitySubsystems
[Subsystems] Discovering subsystems at path D:/GAMES/unity/projects/lesson3/Lesson3/Assets
GfxDevice: creating device client; threaded=0
Direct3D:
    Version:  Direct3D 11.0 [level 11.1]
    Renderer: NVIDIA GeForce RTX 2080 Ti (ID=0x1e07)
    Vendor:   
    VRAM:     11048 MB
    Driver:   27.21.14.6627
Initialize mono
Mono path[0] = 'D:/GAMES/unity/2020.3.5f1/Editor/Data/Managed'
Mono path[1] = 'D:/GAMES/unity/2020.3.5f1/Editor/Data/MonoBleedingEdge/lib/mono/unityjit'
Mono config path = 'D:/GAMES/unity/2020.3.5f1/Editor/Data/MonoBleedingEdge/etc'
Using monoOptions --debugger-agent=transport=dt_socket,embedding=1,server=y,suspend=n,address=127.0.0.1:56836
Begin MonoManager ReloadAssembly
Registering precompiled unity dll's ...
Register platform support module: D:/GAMES/unity/2020.3.5f1/Editor/Data/PlaybackEngines/WindowsStandaloneSupport/UnityEditor.WindowsStandalone.Extensions.dll
Registered in 0.000834 seconds.
Native extension for WindowsStandalone target not found
Refreshing native plugins compatible for Editor in 20.10 ms, found 0 plugins.
Preloading 0 native plugins for Editor in 0.00 ms.
Mono: successfully reloaded assembly
- Completed reload, in  0.683 seconds
Platform modules already initialized, skipping
Registering precompiled user dll's ...
Registered in 0.000314 seconds.
Begin MonoManager ReloadAssembly
Native extension for WindowsStandalone target not found
Refreshing native plugins compatible for Editor in 0.21 ms, found 0 plugins.
Preloading 0 native plugins for Editor in 0.00 ms.
Mono: successfully reloaded assembly
- Completed reload, in  0.609 seconds
Platform modules already initialized, skipping
========================================================================
Worker process is ready to serve import requests
Launched and connected shader compiler UnityShaderCompiler.exe after 0.04 seconds
Refreshing native plugins compatible for Editor in 0.22 ms, found 0 plugins.
Preloading 0 native plugins for Editor in 0.00 ms.
Unloading 1123 Unused Serialized files (Serialized files now loaded: 0)
System memory in use before: 70.4 MB.
System memory in use after: 70.4 MB.

Unloading 10 unused Assets to reduce memory usage. Loaded Objects now: 1585.
Total: 1.500200 ms (FindLiveObjects: 0.161300 ms CreateObjectMapping: 0.029700 ms MarkObjects: 1.242400 ms  DeleteObjects: 0.065800 ms)

========================================================================
Received Import Request.
  path: ProjectSettings/TagManager.asset
  artifactKey: Guid(00000000000000003000000000000000) Importer(815301076,1909f56bfc062723c751e8b465ee728b)
Start importing ProjectSettings/TagManager.asset using Guid(00000000000000003000000000000000) Importer(815301076,1909f56bfc062723c751e8b465ee728b)  -> (artifact id: 'a44a6f8ff1506503ee01c0df3bb6ff5c') in 0.024969 seconds
  Import took 0.026653 seconds .

========================================================================
Received Import Request.
  Time since last request: 56.101912 seconds.
  path: Assets/Prefabs/Basic_BanditPrefabMainHero.prefab
  artifactKey: Guid(911ffb2cdb9585e41ac96f7afc4dc73b) Importer(815301076,1909f56bfc062723c751e8b465ee728b)
Start importing Assets/Prefabs/Basic_BanditPrefabMainHero.prefab using Guid(911ffb2cdb9585e41ac96f7afc4dc73b) Importer(815301076,1909f56bfc062723c751e8b465ee728b)  -> (artifact id: '0dcc39fcd98eb5f30550f62e638deebb') in 0.154366 seconds
  Import took 0.157115 seconds .

========================================================================
Received Import Request.
  Time since last request: 5.836905 seconds.
  path: Assets/Prefabs/Basic_BanditPrefabMainHero.prefab
  artifactKey: Guid(911ffb2cdb9585e41ac96f7afc4dc73b) Importer(815301076,1909f56bfc062723c751e8b465ee728b)
Start importing Assets/Prefabs/Basic_BanditPrefabMainHero.prefab using Guid(911ffb2cdb9585e41ac96f7afc4dc73b) Importer(815301076,1909f56bfc062723c751e8b465ee728b)  -> (artifact id: '1477259b6ebcd8421e1b9623eb6607a6') in 0.045859 seconds
  Import took 0.048622 seconds .

========================================================================
Received Import Request.
  Time since last request: 1.763953 seconds.
  path: Assets/Prefabs/Basic_BanditPrefabMainHero.prefab
  artifactKey: Guid(911ffb2cdb9585e41ac96f7afc4dc73b) Importer(815301076,1909f56bfc062723c751e8b465ee728b)
Start importing Assets/Prefabs/Basic_BanditPrefabMainHero.prefab using Guid(911ffb2cdb9585e41ac96f7afc4dc73b) Importer(815301076,1909f56bfc062723c751e8b465ee728b)  -> (artifact id: '6b5593637f176da69fe0f738ee891781') in 0.122197 seconds
  Import took 0.125310 seconds .

========================================================================
Received Import Request.
  Time since last request: 4.103841 seconds.
  path: Assets/Prefabs/Basic_BanditPrefabMainHero.prefab
  artifactKey: Guid(911ffb2cdb9585e41ac96f7afc4dc73b) Importer(815301076,1909f56bfc062723c751e8b465ee728b)
Start importing Assets/Prefabs/Basic_BanditPrefabMainHero.prefab using Guid(911ffb2cdb9585e41ac96f7afc4dc73b) Importer(815301076,1909f56bfc062723c751e8b465ee728b)  -> (artifact id: 'a133ff8d993bd2b9522530601aa06738') in 0.037018 seconds
  Import took 0.040074 seconds .

========================================================================
Received Import Request.
  Time since last request: 15.673142 seconds.
  path: Assets/Prefabs/Basic_BanditPrefabMainHero.prefab
  artifactKey: Guid(911ffb2cdb9585e41ac96f7afc4dc73b) Importer(815301076,1909f56bfc062723c751e8b465ee728b)
Start importing Assets/Prefabs/Basic_BanditPrefabMainHero.prefab using Guid(911ffb2cdb9585e41ac96f7afc4dc73b) Importer(815301076,1909f56bfc062723c751e8b465ee728b)  -> (artifact id: 'e6dc1f9fa0fe63878d3af61e09ee8335') in 0.044533 seconds
  Import took 0.047315 seconds .

========================================================================
Received Import Request.
  Time since last request: 515.672001 seconds.
  path: Assets/Prefabs/Basic_BanditPrefabMainHero.prefab
  artifactKey: Guid(911ffb2cdb9585e41ac96f7afc4dc73b) Importer(815301076,1909f56bfc062723c751e8b465ee728b)
Start importing Assets/Prefabs/Basic_BanditPrefabMainHero.prefab using Guid(911ffb2cdb9585e41ac96f7afc4dc73b) Importer(815301076,1909f56bfc062723c751e8b465ee728b)  -> (artifact id: '212b3c4a09d771fd9b33c0e7d699a706') in 0.065521 seconds
  Import took 0.068858 seconds .

========================================================================
Received Import Request.
  Time since last request: 9.533117 seconds.
  path: Assets/Scripts/PersonMove.cs
  artifactKey: Guid(04e9a1a06cca5974f966e8fd3c6d175f) Importer(815301076,1909f56bfc062723c751e8b465ee728b)
Start importing Assets/Scripts/PersonMove.cs using Guid(04e9a1a06cca5974f966e8fd3c6d175f) Importer(815301076,1909f56bfc062723c751e8b465ee728b)  -> (artifact id: '73e05f767c821939f26b46f14538e6b0') in 0.016234 seconds
  Import took 0.017928 seconds .

========================================================================
Received Import Request.
  Time since last request: 0.007375 seconds.
  path: Assets/Scripts/PersonMove.cs
  artifactKey: Guid(04e9a1a06cca5974f966e8fd3c6d175f) Importer(815301076,1909f56bfc062723c751e8b465ee728b)
Start importing Assets/Scripts/PersonMove.cs using Guid(04e9a1a06cca5974f966e8fd3c6d175f) Importer(815301076,1909f56bfc062723c751e8b465ee728b)  -> (artifact id: '73e05f767c821939f26b46f14538e6b0') in 0.000703 seconds
  Import took 0.001793 seconds .

========================================================================
Received Import Request.
  Time since last request: 40.335861 seconds.
  path: Assets/Scripts/PersonMove.cs
  artifactKey: Guid(04e9a1a06cca5974f966e8fd3c6d175f) Importer(815301076,1909f56bfc062723c751e8b465ee728b)
Start importing Assets/Scripts/PersonMove.cs using Guid(04e9a1a06cca5974f966e8fd3c6d175f) Importer(815301076,1909f56bfc062723c751e8b465ee728b)  -> (artifact id: 'c62180df48f93b84da39d1ead01f727b') in 0.001205 seconds
  Import took 0.003253 seconds .

========================================================================
Received Import Request.
  Time since last request: 13.222338 seconds.
  path: Assets/Scripts/PersonMove.cs
  artifactKey: Guid(04e9a1a06cca5974f966e8fd3c6d175f) Importer(815301076,1909f56bfc062723c751e8b465ee728b)
Start importing Assets/Scripts/PersonMove.cs using Guid(04e9a1a06cca5974f966e8fd3c6d175f) Importer(815301076,1909f56bfc062723c751e8b465ee728b)  -> (artifact id: '28074ed864b578afe3b3444b0bae6f9c') in 0.001571 seconds
  Import took 0.003481 seconds .

========================================================================
Received Import Request.
  Time since last request: 13.832132 seconds.
  path: Assets/Scripts/PersonMove.cs
  artifactKey: Guid(04e9a1a06cca5974f966e8fd3c6d175f) Importer(815301076,1909f56bfc062723c751e8b465ee728b)
Start importing Assets/Scripts/PersonMove.cs using Guid(04e9a1a06cca5974f966e8fd3c6d175f) Importer(815301076,1909f56bfc062723c751e8b465ee728b)  -> (artifact id: '24346b07c20e3aa130a3947282455131') in 0.001112 seconds
  Import took 0.002854 seconds .

========================================================================
Received Import Request.
  Time since last request: 9.415264 seconds.
  path: Assets/Scripts/PersonMove.cs
  artifactKey: Guid(04e9a1a06cca5974f966e8fd3c6d175f) Importer(815301076,1909f56bfc062723c751e8b465ee728b)
Start importing Assets/Scripts/PersonMove.cs using Guid(04e9a1a06cca5974f966e8fd3c6d175f) Importer(815301076,1909f56bfc062723c751e8b465ee728b)  -> (artifact id: 'ecfac08b4c1f3c58b80ced86d75fca36') in 0.001285 seconds
  Import took 0.002975 seconds .

========================================================================
Received Import Request.
  Time since last request: 354.077177 seconds.
  path: Assets/Scripts/PersonMove.cs
  artifactKey: Guid(04e9a1a06cca5974f966e8fd3c6d175f) Importer(815301076,1909f56bfc062723c751e8b465ee728b)
Start importing Assets/Scripts/PersonMove.cs using Guid(04e9a1a06cca5974f966e8fd3c6d175f) Importer(815301076,1909f56bfc062723c751e8b465ee728b)  -> (artifact id: '05db042e8512ecb8570f44f0738b0369') in 0.001843 seconds
  Import took 0.003758 seconds .

========================================================================
Received Prepare
Registering precompiled user dll's ...
Registered in 0.000291 seconds.
Begin MonoManager ReloadAssembly
Native extension for WindowsStandalone target not found
Refreshing native plugins compatible for Editor in 0.24 ms, found 0 plugins.
Preloading 0 native plugins for Editor in 0.00 ms.
Mono: successfully reloaded assembly
- Completed reload, in  0.591 seconds
Platform modules already initialized, skipping
Refreshing native plugins compatible for Editor in 0.21 ms, found 0 plugins.
Preloading 0 native plugins for Editor in 0.00 ms.
Unloading 1118 Unused Serialized files (Serialized files now loaded: 0)
System memory in use before: 87.1 MB.
System memory in use after: 87.2 MB.

Unloading 7 unused Assets to reduce memory usage. Loaded Objects now: 1597.
Total: 1.503000 ms (FindLiveObjects: 0.112100 ms CreateObjectMapping: 0.026400 ms MarkObjects: 1.316600 ms  DeleteObjects: 0.047100 ms)

========================================================================
Received Prepare
Registering precompiled user dll's ...
Registered in 0.000368 seconds.
Begin MonoManager ReloadAssembly
Native extension for WindowsStandalone target not found
Refreshing native plugins compatible for Editor in 0.21 ms, found 0 plugins.
Preloading 0 native plugins for Editor in 0.00 ms.
Mono: successfully reloaded assembly
- Completed reload, in  0.586 seconds
Platform modules already initialized, skipping
Refreshing native plugins compatible for Editor in 0.21 ms, found 0 plugins.
Preloading 0 native plugins for Editor in 0.00 ms.
Unloading 1118 Unused Serialized files (Serialized files now loaded: 0)
System memory in use before: 87.2 MB.
System memory in use after: 87.2 MB.

Unloading 5 unused Assets to reduce memory usage. Loaded Objects now: 1600.
Total: 1.594900 ms (FindLiveObjects: 0.131900 ms CreateObjectMapping: 0.023900 ms MarkObjects: 1.388500 ms  DeleteObjects: 0.049500 ms)

========================================================================
Received Import Request.
  Time since last request: 26.506765 seconds.
  path: Assets/Scripts/PersonMove.cs
  artifactKey: Guid(04e9a1a06cca5974f966e8fd3c6d175f) Importer(815301076,1909f56bfc062723c751e8b465ee728b)
Start importing Assets/Scripts/PersonMove.cs using Guid(04e9a1a06cca5974f966e8fd3c6d175f) Importer(815301076,1909f56bfc062723c751e8b465ee728b)  -> (artifact id: '367a0076c40bdfe03a51916506c9b1a1') in 0.002643 seconds
  Import took 0.004165 seconds .

========================================================================
Received Import Request.
  Time since last request: 0.000129 seconds.
  path: Assets/Prefabs/Basic_BanditPrefabMainHero.prefab
  artifactKey: Guid(911ffb2cdb9585e41ac96f7afc4dc73b) Importer(815301076,1909f56bfc062723c751e8b465ee728b)
Start importing Assets/Prefabs/Basic_BanditPrefabMainHero.prefab using Guid(911ffb2cdb9585e41ac96f7afc4dc73b) Importer(815301076,1909f56bfc062723c751e8b465ee728b)  -> (artifact id: '51a5ad2f0cb27c458eb473dcb6b0c05e') in 0.078466 seconds
  Import took 0.081089 seconds .

========================================================================
Received Prepare
Registering precompiled user dll's ...
Registered in 0.000404 seconds.
Begin MonoManager ReloadAssembly
Native extension for WindowsStandalone target not found
Refreshing native plugins compatible for Editor in 0.21 ms, found 0 plugins.
Preloading 0 native plugins for Editor in 0.00 ms.
Mono: successfully reloaded assembly
- Completed reload, in  0.595 seconds
Platform modules already initialized, skipping
Refreshing native plugins compatible for Editor in 0.21 ms, found 0 plugins.
Preloading 0 native plugins for Editor in 0.00 ms.
Unloading 1118 Unused Serialized files (Serialized files now loaded: 0)
System memory in use before: 87.2 MB.
System memory in use after: 87.2 MB.

Unloading 5 unused Assets to reduce memory usage. Loaded Objects now: 1604.
Total: 1.337100 ms (FindLiveObjects: 0.136600 ms CreateObjectMapping: 0.024600 ms MarkObjects: 1.130600 ms  DeleteObjects: 0.044400 ms)

========================================================================
Received Prepare
Registering precompiled user dll's ...
Registered in 0.000411 seconds.
Begin MonoManager ReloadAssembly
Native extension for WindowsStandalone target not found
Refreshing native plugins compatible for Editor in 0.21 ms, found 0 plugins.
Preloading 0 native plugins for Editor in 0.00 ms.
Mono: successfully reloaded assembly
- Completed reload, in  0.590 seconds
Platform modules already initialized, skipping
Refreshing native plugins compatible for Editor in 0.22 ms, found 0 plugins.
Preloading 0 native plugins for Editor in 0.00 ms.
Unloading 1118 Unused Serialized files (Serialized files now loaded: 0)
System memory in use before: 87.2 MB.
System memory in use after: 87.3 MB.

Unloading 5 unused Assets to reduce memory usage. Loaded Objects now: 1607.
Total: 1.325900 ms (FindLiveObjects: 0.132400 ms CreateObjectMapping: 0.023900 ms MarkObjects: 1.122800 ms  DeleteObjects: 0.046100 ms)

========================================================================
Received Prepare
Registering precompiled user dll's ...
Registered in 0.000504 seconds.
Begin MonoManager ReloadAssembly
Native extension for WindowsStandalone target not found
Refreshing native plugins compatible for Editor in 0.21 ms, found 0 plugins.
Preloading 0 native plugins for Editor in 0.00 ms.
Mono: successfully reloaded assembly
- Completed reload, in  0.586 seconds
Platform modules already initialized, skipping
Refreshing native plugins compatible for Editor in 0.21 ms, found 0 plugins.
Preloading 0 native plugins for Editor in 0.00 ms.
Unloading 1118 Unused Serialized files (Serialized files now loaded: 0)
System memory in use before: 87.2 MB.
System memory in use after: 87.3 MB.

Unloading 5 unused Assets to reduce memory usage. Loaded Objects now: 1610.
Total: 1.750600 ms (FindLiveObjects: 0.278000 ms CreateObjectMapping: 0.024400 ms MarkObjects: 1.394800 ms  DeleteObjects: 0.052400 ms)

========================================================================
Received Prepare
Registering precompiled user dll's ...
Registered in 0.000389 seconds.
Begin MonoManager ReloadAssembly
Native extension for WindowsStandalone target not found
Refreshing native plugins compatible for Editor in 0.21 ms, found 0 plugins.
Preloading 0 native plugins for Editor in 0.00 ms.
Mono: successfully reloaded assembly
- Completed reload, in  0.593 seconds
Platform modules already initialized, skipping
Refreshing native plugins compatible for Editor in 0.20 ms, found 0 plugins.
Preloading 0 native plugins for Editor in 0.00 ms.
Unloading 1118 Unused Serialized files (Serialized files now loaded: 0)
System memory in use before: 87.2 MB.
System memory in use after: 87.3 MB.

Unloading 5 unused Assets to reduce memory usage. Loaded Objects now: 1613.
Total: 1.320200 ms (FindLiveObjects: 0.117900 ms CreateObjectMapping: 0.024700 ms MarkObjects: 1.136400 ms  DeleteObjects: 0.040600 ms)

========================================================================
Received Prepare
Registering precompiled user dll's ...
Registered in 0.000411 seconds.
Begin MonoManager ReloadAssembly
Native extension for WindowsStandalone target not found
Refreshing native plugins compatible for Editor in 0.21 ms, found 0 plugins.
Preloading 0 native plugins for Editor in 0.00 ms.
Mono: successfully reloaded assembly
- Completed reload, in  0.595 seconds
Platform modules already initialized, skipping
Refreshing native plugins compatible for Editor in 0.24 ms, found 0 plugins.
Preloading 0 native plugins for Editor in 0.00 ms.
Unloading 1118 Unused Serialized files (Serialized files now loaded: 0)
System memory in use before: 87.2 MB.
System memory in use after: 87.3 MB.

Unloading 5 unused Assets to reduce memory usage. Loaded Objects now: 1616.
Total: 1.358200 ms (FindLiveObjects: 0.140700 ms CreateObjectMapping: 0.027200 ms MarkObjects: 1.147300 ms  DeleteObjects: 0.042300 ms)

========================================================================
Received Prepare
Registering precompiled user dll's ...
Registered in 0.000479 seconds.
Begin MonoManager ReloadAssembly
Native extension for WindowsStandalone target not found
Refreshing native plugins compatible for Editor in 0.22 ms, found 0 plugins.
Preloading 0 native plugins for Editor in 0.00 ms.
Mono: successfully reloaded assembly
- Completed reload, in  0.628 seconds
Platform modules already initialized, skipping
Refreshing native plugins compatible for Editor in 0.25 ms, found 0 plugins.
Preloading 0 native plugins for Editor in 0.00 ms.
Unloading 1118 Unused Serialized files (Serialized files now loaded: 0)
System memory in use before: 87.2 MB.
System memory in use after: 87.3 MB.

Unloading 5 unused Assets to reduce memory usage. Loaded Objects now: 1619.
Total: 1.634900 ms (FindLiveObjects: 0.172400 ms CreateObjectMapping: 0.027500 ms MarkObjects: 1.376600 ms  DeleteObjects: 0.057100 ms)

========================================================================
Received Prepare
Registering precompiled user dll's ...
Registered in 0.000392 seconds.
Begin MonoManager ReloadAssembly
Native extension for WindowsStandalone target not found
Refreshing native plugins compatible for Editor in 0.21 ms, found 0 plugins.
Preloading 0 native plugins for Editor in 0.00 ms.
Mono: successfully reloaded assembly
- Completed reload, in  0.579 seconds
Platform modules already initialized, skipping
Refreshing native plugins compatible for Editor in 0.21 ms, found 0 plugins.
Preloading 0 native plugins for Editor in 0.00 ms.
Unloading 1118 Unused Serialized files (Serialized files now loaded: 0)
System memory in use before: 87.2 MB.
System memory in use after: 87.3 MB.

Unloading 5 unused Assets to reduce memory usage. Loaded Objects now: 1622.
Total: 1.566400 ms (FindLiveObjects: 0.108800 ms CreateObjectMapping: 0.023900 ms MarkObjects: 1.387800 ms  DeleteObjects: 0.044900 ms)

========================================================================
Received Prepare
Registering precompiled user dll's ...
Registered in 0.000495 seconds.
Begin MonoManager ReloadAssembly
Native extension for WindowsStandalone target not found
Refreshing native plugins compatible for Editor in 0.21 ms, found 0 plugins.
Preloading 0 native plugins for Editor in 0.00 ms.
Mono: successfully reloaded assembly
- Completed reload, in  0.577 seconds
Platform modules already initialized, skipping
Refreshing native plugins compatible for Editor in 0.23 ms, found 0 plugins.
Preloading 0 native plugins for Editor in 0.00 ms.
Unloading 1118 Unused Serialized files (Serialized files now loaded: 0)
System memory in use before: 87.2 MB.
System memory in use after: 87.3 MB.

Unloading 5 unused Assets to reduce memory usage. Loaded Objects now: 1625.
Total: 1.530000 ms (FindLiveObjects: 0.163500 ms CreateObjectMapping: 0.026200 ms MarkObjects: 1.282900 ms  DeleteObjects: 0.056500 ms)

========================================================================
Received Prepare
Registering precompiled user dll's ...
Registered in 0.000360 seconds.
Begin MonoManager ReloadAssembly
Native extension for WindowsStandalone target not found
Refreshing native plugins compatible for Editor in 0.21 ms, found 0 plugins.
Preloading 0 native plugins for Editor in 0.00 ms.
Mono: successfully reloaded assembly
- Completed reload, in  0.581 seconds
Platform modules already initialized, skipping
Refreshing native plugins compatible for Editor in 0.22 ms, found 0 plugins.
Preloading 0 native plugins for Editor in 0.00 ms.
Unloading 1118 Unused Serialized files (Serialized files now loaded: 0)
System memory in use before: 87.2 MB.
System memory in use after: 87.3 MB.

Unloading 5 unused Assets to reduce memory usage. Loaded Objects now: 1628.
Total: 1.521300 ms (FindLiveObjects: 0.133700 ms CreateObjectMapping: 0.024100 ms MarkObjects: 1.301400 ms  DeleteObjects: 0.061200 ms)

========================================================================
Received Prepare
Registering precompiled user dll's ...
Registered in 0.000397 seconds.
Begin MonoManager ReloadAssembly
Native extension for WindowsStandalone target not found
Refreshing native plugins compatible for Editor in 0.22 ms, found 0 plugins.
Preloading 0 native plugins for Editor in 0.00 ms.
Mono: successfully reloaded assembly
- Completed reload, in  0.577 seconds
Platform modules already initialized, skipping
Refreshing native plugins compatible for Editor in 0.21 ms, found 0 plugins.
Preloading 0 native plugins for Editor in 0.00 ms.
Unloading 1118 Unused Serialized files (Serialized files now loaded: 0)
System memory in use before: 87.2 MB.
System memory in use after: 87.3 MB.

Unloading 5 unused Assets to reduce memory usage. Loaded Objects now: 1631.
Total: 1.445900 ms (FindLiveObjects: 0.138600 ms CreateObjectMapping: 0.028300 ms MarkObjects: 1.238700 ms  DeleteObjects: 0.039400 ms)

========================================================================
Received Prepare
Registering precompiled user dll's ...
Registered in 0.000333 seconds.
Begin MonoManager ReloadAssembly
Native extension for WindowsStandalone target not found
Refreshing native plugins compatible for Editor in 0.21 ms, found 0 plugins.
Preloading 0 native plugins for Editor in 0.00 ms.
Mono: successfully reloaded assembly
- Completed reload, in  0.577 seconds
Platform modules already initialized, skipping
Refreshing native plugins compatible for Editor in 0.21 ms, found 0 plugins.
Preloading 0 native plugins for Editor in 0.00 ms.
Unloading 1118 Unused Serialized files (Serialized files now loaded: 0)
System memory in use before: 87.2 MB.
System memory in use after: 87.3 MB.

Unloading 5 unused Assets to reduce memory usage. Loaded Objects now: 1634.
Total: 1.692500 ms (FindLiveObjects: 0.168800 ms CreateObjectMapping: 0.024200 ms MarkObjects: 1.446200 ms  DeleteObjects: 0.051500 ms)

========================================================================
Received Prepare
Registering precompiled user dll's ...
Registered in 0.000415 seconds.
Begin MonoManager ReloadAssembly
Native extension for WindowsStandalone target not found
Refreshing native plugins compatible for Editor in 0.23 ms, found 0 plugins.
Preloading 0 native plugins for Editor in 0.00 ms.
Mono: successfully reloaded assembly
- Completed reload, in  0.585 seconds
Platform modules already initialized, skipping
Refreshing native plugins compatible for Editor in 0.21 ms, found 0 plugins.
Preloading 0 native plugins for Editor in 0.00 ms.
Unloading 1118 Unused Serialized files (Serialized files now loaded: 0)
System memory in use before: 87.2 MB.
System memory in use after: 87.3 MB.

Unloading 5 unused Assets to reduce memory usage. Loaded Objects now: 1637.
Total: 1.394200 ms (FindLiveObjects: 0.144800 ms CreateObjectMapping: 0.028600 ms MarkObjects: 1.176700 ms  DeleteObjects: 0.043400 ms)

========================================================================
Received Prepare
Registering precompiled user dll's ...
Registered in 0.000426 seconds.
Begin MonoManager ReloadAssembly
Native extension for WindowsStandalone target not found
Refreshing native plugins compatible for Editor in 0.21 ms, found 0 plugins.
Preloading 0 native plugins for Editor in 0.00 ms.
Mono: successfully reloaded assembly
- Completed reload, in  0.576 seconds
Platform modules already initialized, skipping
Refreshing native plugins compatible for Editor in 0.21 ms, found 0 plugins.
Preloading 0 native plugins for Editor in 0.00 ms.
Unloading 1118 Unused Serialized files (Serialized files now loaded: 0)
System memory in use before: 87.2 MB.
System memory in use after: 87.3 MB.

Unloading 5 unused Assets to reduce memory usage. Loaded Objects now: 1640.
Total: 1.766000 ms (FindLiveObjects: 0.203500 ms CreateObjectMapping: 0.040300 ms MarkObjects: 1.470600 ms  DeleteObjects: 0.050700 ms)

========================================================================
Received Prepare
Registering precompiled user dll's ...
Registered in 0.000408 seconds.
Begin MonoManager ReloadAssembly
Native extension for WindowsStandalone target not found
Refreshing native plugins compatible for Editor in 0.28 ms, found 0 plugins.
Preloading 0 native plugins for Editor in 0.00 ms.
Mono: successfully reloaded assembly
- Completed reload, in  0.575 seconds
Platform modules already initialized, skipping
Refreshing native plugins compatible for Editor in 0.21 ms, found 0 plugins.
Preloading 0 native plugins for Editor in 0.00 ms.
Unloading 1118 Unused Serialized files (Serialized files now loaded: 0)
System memory in use before: 87.2 MB.
System memory in use after: 87.3 MB.

Unloading 5 unused Assets to reduce memory usage. Loaded Objects now: 1643.
Total: 1.389500 ms (FindLiveObjects: 0.138000 ms CreateObjectMapping: 0.028400 ms MarkObjects: 1.178900 ms  DeleteObjects: 0.043500 ms)

========================================================================
Received Prepare
Registering precompiled user dll's ...
Registered in 0.000413 seconds.
Begin MonoManager ReloadAssembly
Native extension for WindowsStandalone target not found
Refreshing native plugins compatible for Editor in 0.21 ms, found 0 plugins.
Preloading 0 native plugins for Editor in 0.00 ms.
Mono: successfully reloaded assembly
- Completed reload, in  0.595 seconds
Platform modules already initialized, skipping
Refreshing native plugins compatible for Editor in 0.22 ms, found 0 plugins.
Preloading 0 native plugins for Editor in 0.00 ms.
Unloading 1118 Unused Serialized files (Serialized files now loaded: 0)
System memory in use before: 87.2 MB.
System memory in use after: 87.3 MB.

Unloading 5 unused Assets to reduce memory usage. Loaded Objects now: 1646.
Total: 1.543400 ms (FindLiveObjects: 0.160600 ms CreateObjectMapping: 0.031200 ms MarkObjects: 1.300100 ms  DeleteObjects: 0.049000 ms)

========================================================================
Received Import Request.
  Time since last request: 3550.444312 seconds.
  path: ProjectSettings/TagManager.asset
  artifactKey: Guid(00000000000000003000000000000000) Importer(815301076,1909f56bfc062723c751e8b465ee728b)
Start importing ProjectSettings/TagManager.asset using Guid(00000000000000003000000000000000) Importer(815301076,1909f56bfc062723c751e8b465ee728b)  -> (artifact id: '9fc4cfe4c9fcd8eec40e7cde5fc4033f') in 0.008847 seconds
  Import took 0.010645 seconds .

========================================================================
Received Prepare
Registering precompiled user dll's ...
Registered in 0.000385 seconds.
Begin MonoManager ReloadAssembly
Native extension for WindowsStandalone target not found
Refreshing native plugins compatible for Editor in 0.20 ms, found 0 plugins.
Preloading 0 native plugins for Editor in 0.00 ms.
Mono: successfully reloaded assembly
- Completed reload, in  0.589 seconds
Platform modules already initialized, skipping
Refreshing native plugins compatible for Editor in 0.21 ms, found 0 plugins.
Preloading 0 native plugins for Editor in 0.00 ms.
Unloading 1118 Unused Serialized files (Serialized files now loaded: 0)
System memory in use before: 87.3 MB.
System memory in use after: 87.3 MB.

Unloading 6 unused Assets to reduce memory usage. Loaded Objects now: 1649.
Total: 1.471300 ms (FindLiveObjects: 0.109300 ms CreateObjectMapping: 0.025000 ms MarkObjects: 1.292100 ms  DeleteObjects: 0.044200 ms)

========================================================================
Received Prepare
Registering precompiled user dll's ...
Registered in 0.000427 seconds.
Begin MonoManager ReloadAssembly
Native extension for WindowsStandalone target not found
Refreshing native plugins compatible for Editor in 0.21 ms, found 0 plugins.
Preloading 0 native plugins for Editor in 0.00 ms.
Mono: successfully reloaded assembly
- Completed reload, in  0.585 seconds
Platform modules already initialized, skipping
Refreshing native plugins compatible for Editor in 0.21 ms, found 0 plugins.
Preloading 0 native plugins for Editor in 0.00 ms.
Unloading 1118 Unused Serialized files (Serialized files now loaded: 0)
System memory in use before: 87.3 MB.
System memory in use after: 87.3 MB.

Unloading 5 unused Assets to reduce memory usage. Loaded Objects now: 1652.
Total: 1.443200 ms (FindLiveObjects: 0.160000 ms CreateObjectMapping: 0.027200 ms MarkObjects: 1.204600 ms  DeleteObjects: 0.050800 ms)

========================================================================
Received Prepare
Registering precompiled user dll's ...
Registered in 0.000311 seconds.
Begin MonoManager ReloadAssembly
Native extension for WindowsStandalone target not found
Refreshing native plugins compatible for Editor in 0.21 ms, found 0 plugins.
Preloading 0 native plugins for Editor in 0.00 ms.
Mono: successfully reloaded assembly
- Completed reload, in  0.585 seconds
Platform modules already initialized, skipping
Refreshing native plugins compatible for Editor in 0.22 ms, found 0 plugins.
Preloading 0 native plugins for Editor in 0.00 ms.
Unloading 1118 Unused Serialized files (Serialized files now loaded: 0)
System memory in use before: 87.3 MB.
System memory in use after: 87.3 MB.

Unloading 5 unused Assets to reduce memory usage. Loaded Objects now: 1655.
Total: 1.461300 ms (FindLiveObjects: 0.140200 ms CreateObjectMapping: 0.030600 ms MarkObjects: 1.247500 ms  DeleteObjects: 0.042400 ms)

========================================================================
Received Prepare
Registering precompiled user dll's ...
Registered in 0.000400 seconds.
Begin MonoManager ReloadAssembly
Native extension for WindowsStandalone target not found
Refreshing native plugins compatible for Editor in 0.21 ms, found 0 plugins.
Preloading 0 native plugins for Editor in 0.00 ms.
Mono: successfully reloaded assembly
- Completed reload, in  0.594 seconds
Platform modules already initialized, skipping
Refreshing native plugins compatible for Editor in 0.21 ms, found 0 plugins.
Preloading 0 native plugins for Editor in 0.00 ms.
Unloading 1118 Unused Serialized files (Serialized files now loaded: 0)
System memory in use before: 87.3 MB.
System memory in use after: 87.3 MB.

Unloading 5 unused Assets to reduce memory usage. Loaded Objects now: 1658.
Total: 1.498200 ms (FindLiveObjects: 0.148000 ms CreateObjectMapping: 0.028500 ms MarkObjects: 1.270300 ms  DeleteObjects: 0.050200 ms)

========================================================================
Received Prepare
Registering precompiled user dll's ...
Registered in 0.000381 seconds.
Begin MonoManager ReloadAssembly
Native extension for WindowsStandalone target not found
Refreshing native plugins compatible for Editor in 0.21 ms, found 0 plugins.
Preloading 0 native plugins for Editor in 0.00 ms.
Mono: successfully reloaded assembly
- Completed reload, in  0.595 seconds
Platform modules already initialized, skipping
Refreshing native plugins compatible for Editor in 0.21 ms, found 0 plugins.
Preloading 0 native plugins for Editor in 0.00 ms.
Unloading 1118 Unused Serialized files (Serialized files now loaded: 0)
System memory in use before: 87.3 MB.
System memory in use after: 87.3 MB.

Unloading 5 unused Assets to reduce memory usage. Loaded Objects now: 1661.
Total: 1.489700 ms (FindLiveObjects: 0.170300 ms CreateObjectMapping: 0.030200 ms MarkObjects: 1.247900 ms  DeleteObjects: 0.040500 ms)

========================================================================
Received Import Request.
  Time since last request: 520.186449 seconds.
  path: Assets/Prefabs/Basic_BanditPrefabMainHero.prefab
  artifactKey: Guid(911ffb2cdb9585e41ac96f7afc4dc73b) Importer(815301076,1909f56bfc062723c751e8b465ee728b)
Start importing Assets/Prefabs/Basic_BanditPrefabMainHero.prefab using Guid(911ffb2cdb9585e41ac96f7afc4dc73b) Importer(815301076,1909f56bfc062723c751e8b465ee728b)  -> (artifact id: 'f44060f5a54d0049a843a0bc4d0f73ad') in 0.098622 seconds
  Import took 0.102055 seconds .

========================================================================
Received Prepare
Registering precompiled user dll's ...
Registered in 0.000374 seconds.
Begin MonoManager ReloadAssembly
Native extension for WindowsStandalone target not found
Refreshing native plugins compatible for Editor in 0.26 ms, found 0 plugins.
Preloading 0 native plugins for Editor in 0.00 ms.
Mono: successfully reloaded assembly
- Completed reload, in  0.588 seconds
Platform modules already initialized, skipping
Refreshing native plugins compatible for Editor in 0.23 ms, found 0 plugins.
Preloading 0 native plugins for Editor in 0.00 ms.
Unloading 1118 Unused Serialized files (Serialized files now loaded: 0)
System memory in use before: 87.3 MB.
System memory in use after: 87.4 MB.

Unloading 5 unused Assets to reduce memory usage. Loaded Objects now: 1665.
Total: 1.369500 ms (FindLiveObjects: 0.148600 ms CreateObjectMapping: 0.025200 ms MarkObjects: 1.148800 ms  DeleteObjects: 0.046100 ms)

========================================================================
Received Prepare
Registering precompiled user dll's ...
Registered in 0.000368 seconds.
Begin MonoManager ReloadAssembly
Native extension for WindowsStandalone target not found
Refreshing native plugins compatible for Editor in 0.26 ms, found 0 plugins.
Preloading 0 native plugins for Editor in 0.00 ms.
Mono: successfully reloaded assembly
- Completed reload, in  0.600 seconds
Platform modules already initialized, skipping
Refreshing native plugins compatible for Editor in 0.21 ms, found 0 plugins.
Preloading 0 native plugins for Editor in 0.00 ms.
Unloading 1118 Unused Serialized files (Serialized files now loaded: 0)
System memory in use before: 87.3 MB.
System memory in use after: 87.4 MB.

Unloading 5 unused Assets to reduce memory usage. Loaded Objects now: 1668.
Total: 1.378700 ms (FindLiveObjects: 0.138900 ms CreateObjectMapping: 0.025500 ms MarkObjects: 1.171700 ms  DeleteObjects: 0.041500 ms)

========================================================================
Received Import Request.
  Time since last request: 540.650209 seconds.
  path: Assets/Scripts/GranadeThrow.cs
  artifactKey: Guid(2d6f07f135e52cb479441c92eb7cf6bf) Importer(815301076,1909f56bfc062723c751e8b465ee728b)
Start importing Assets/Scripts/GranadeThrow.cs using Guid(2d6f07f135e52cb479441c92eb7cf6bf) Importer(815301076,1909f56bfc062723c751e8b465ee728b)  -> (artifact id: '9e571fd860e36bad188d8e259a4e35fe') in 0.005601 seconds
  Import took 0.008734 seconds .

========================================================================
Received Prepare
Registering precompiled user dll's ...
Registered in 0.000342 seconds.
Begin MonoManager ReloadAssembly
Native extension for WindowsStandalone target not found
Refreshing native plugins compatible for Editor in 0.21 ms, found 0 plugins.
Preloading 0 native plugins for Editor in 0.00 ms.
Mono: successfully reloaded assembly
- Completed reload, in  0.581 seconds
Platform modules already initialized, skipping
Refreshing native plugins compatible for Editor in 0.21 ms, found 0 plugins.
Preloading 0 native plugins for Editor in 0.00 ms.
Unloading 1119 Unused Serialized files (Serialized files now loaded: 0)
System memory in use before: 87.3 MB.
System memory in use after: 87.4 MB.

Unloading 5 unused Assets to reduce memory usage. Loaded Objects now: 1672.
Total: 1.455100 ms (FindLiveObjects: 0.157000 ms CreateObjectMapping: 0.026000 ms MarkObjects: 1.211500 ms  DeleteObjects: 0.059400 ms)

========================================================================
Received Prepare
Registering precompiled user dll's ...
Registered in 0.000393 seconds.
Begin MonoManager ReloadAssembly
Native extension for WindowsStandalone target not found
Refreshing native plugins compatible for Editor in 0.21 ms, found 0 plugins.
Preloading 0 native plugins for Editor in 0.00 ms.
Mono: successfully reloaded assembly
- Completed reload, in  0.580 seconds
Platform modules already initialized, skipping
Refreshing native plugins compatible for Editor in 0.21 ms, found 0 plugins.
Preloading 0 native plugins for Editor in 0.00 ms.
Unloading 1119 Unused Serialized files (Serialized files now loaded: 0)
System memory in use before: 87.3 MB.
System memory in use after: 87.4 MB.

Unloading 5 unused Assets to reduce memory usage. Loaded Objects now: 1675.
Total: 1.529400 ms (FindLiveObjects: 0.116100 ms CreateObjectMapping: 0.031400 ms MarkObjects: 1.337300 ms  DeleteObjects: 0.043800 ms)

========================================================================
Received Import Request.
  Time since last request: 222.018261 seconds.
  path: Assets/Scripts/GranadeThrow.cs
  artifactKey: Guid(2d6f07f135e52cb479441c92eb7cf6bf) Importer(815301076,1909f56bfc062723c751e8b465ee728b)
Start importing Assets/Scripts/GranadeThrow.cs using Guid(2d6f07f135e52cb479441c92eb7cf6bf) Importer(815301076,1909f56bfc062723c751e8b465ee728b)  -> (artifact id: 'd1ed3d3c054642db53bc5a8847ab7ec2') in 0.002842 seconds
  Import took 0.004532 seconds .

========================================================================
Received Import Request.
  Time since last request: 34.406352 seconds.
  path: Assets/Prefabs/Granade.prefab
  artifactKey: Guid(b1c4a498db175d5438218790255ecad4) Importer(815301076,1909f56bfc062723c751e8b465ee728b)
Start importing Assets/Prefabs/Granade.prefab using Guid(b1c4a498db175d5438218790255ecad4) Importer(815301076,1909f56bfc062723c751e8b465ee728b)  -> (artifact id: '21fcf931d66e99caa747fffba61f5a7a') in 0.048457 seconds
  Import took 0.050243 seconds .

========================================================================
Received Prepare
Registering precompiled user dll's ...
Registered in 0.000409 seconds.
Begin MonoManager ReloadAssembly
Native extension for WindowsStandalone target not found
Refreshing native plugins compatible for Editor in 0.21 ms, found 0 plugins.
Preloading 0 native plugins for Editor in 0.00 ms.
Mono: successfully reloaded assembly
- Completed reload, in  0.603 seconds
Platform modules already initialized, skipping
Refreshing native plugins compatible for Editor in 0.21 ms, found 0 plugins.
Preloading 0 native plugins for Editor in 0.00 ms.
Unloading 1119 Unused Serialized files (Serialized files now loaded: 0)
System memory in use before: 87.4 MB.
System memory in use after: 87.5 MB.

Unloading 6 unused Assets to reduce memory usage. Loaded Objects now: 1680.
Total: 1.515300 ms (FindLiveObjects: 0.135800 ms CreateObjectMapping: 0.029500 ms MarkObjects: 1.302500 ms  DeleteObjects: 0.046700 ms)

========================================================================
Received Prepare
Registering precompiled user dll's ...
Registered in 0.000390 seconds.
Begin MonoManager ReloadAssembly
Native extension for WindowsStandalone target not found
Refreshing native plugins compatible for Editor in 0.24 ms, found 0 plugins.
Preloading 0 native plugins for Editor in 0.00 ms.
Mono: successfully reloaded assembly
- Completed reload, in  0.603 seconds
Platform modules already initialized, skipping
Refreshing native plugins compatible for Editor in 0.22 ms, found 0 plugins.
Preloading 0 native plugins for Editor in 0.00 ms.
Unloading 1120 Unused Serialized files (Serialized files now loaded: 0)
System memory in use before: 87.4 MB.
System memory in use after: 87.5 MB.

Unloading 5 unused Assets to reduce memory usage. Loaded Objects now: 1684.
Total: 1.556500 ms (FindLiveObjects: 0.162400 ms CreateObjectMapping: 0.026100 ms MarkObjects: 1.298300 ms  DeleteObjects: 0.068000 ms)

========================================================================
Received Import Request.
  Time since last request: 232.530903 seconds.
  path: Assets/Scripts/Destroygranade.cs
  artifactKey: Guid(7b7119bbb727af748bca5a0d7451c3e2) Importer(815301076,1909f56bfc062723c751e8b465ee728b)
Start importing Assets/Scripts/Destroygranade.cs using Guid(7b7119bbb727af748bca5a0d7451c3e2) Importer(815301076,1909f56bfc062723c751e8b465ee728b)  -> (artifact id: '48c91b1ebab04955169072617bd89c15') in 0.003514 seconds
  Import took 0.005241 seconds .

========================================================================
Received Prepare
Registering precompiled user dll's ...
Registered in 0.000354 seconds.
Begin MonoManager ReloadAssembly
Native extension for WindowsStandalone target not found
Refreshing native plugins compatible for Editor in 0.21 ms, found 0 plugins.
Preloading 0 native plugins for Editor in 0.00 ms.
Mono: successfully reloaded assembly
- Completed reload, in  0.577 seconds
Platform modules already initialized, skipping
Refreshing native plugins compatible for Editor in 0.21 ms, found 0 plugins.
Preloading 0 native plugins for Editor in 0.00 ms.
Unloading 1120 Unused Serialized files (Serialized files now loaded: 0)
System memory in use before: 87.4 MB.
System memory in use after: 87.5 MB.

Unloading 5 unused Assets to reduce memory usage. Loaded Objects now: 1687.
Total: 1.517400 ms (FindLiveObjects: 0.175500 ms CreateObjectMapping: 0.027900 ms MarkObjects: 1.253700 ms  DeleteObjects: 0.059500 ms)

========================================================================
Received Prepare
Registering precompiled user dll's ...
Registered in 0.000518 seconds.
Begin MonoManager ReloadAssembly
Native extension for WindowsStandalone target not found
Refreshing native plugins compatible for Editor in 0.21 ms, found 0 plugins.
Preloading 0 native plugins for Editor in 0.00 ms.
Mono: successfully reloaded assembly
- Completed reload, in  0.589 seconds
Platform modules already initialized, skipping
Refreshing native plugins compatible for Editor in 0.21 ms, found 0 plugins.
Preloading 0 native plugins for Editor in 0.00 ms.
Unloading 1120 Unused Serialized files (Serialized files now loaded: 0)
System memory in use before: 87.4 MB.
System memory in use after: 87.5 MB.

Unloading 5 unused Assets to reduce memory usage. Loaded Objects now: 1690.
Total: 1.763200 ms (FindLiveObjects: 0.189400 ms CreateObjectMapping: 0.031300 ms MarkObjects: 1.481800 ms  DeleteObjects: 0.059700 ms)

========================================================================
Received Import Request.
  Time since last request: 188.130503 seconds.
  path: Assets/Scripts/Destroygranade.cs
  artifactKey: Guid(7b7119bbb727af748bca5a0d7451c3e2) Importer(815301076,1909f56bfc062723c751e8b465ee728b)
Start importing Assets/Scripts/Destroygranade.cs using Guid(7b7119bbb727af748bca5a0d7451c3e2) Importer(815301076,1909f56bfc062723c751e8b465ee728b)  -> (artifact id: '1c0d7495fdd4af4127efaf1da0cf9524') in 0.002955 seconds
  Import took 0.004635 seconds .

========================================================================
Received Import Request.
  Time since last request: 18.157907 seconds.
  path: Assets/Prefabs/Granade.prefab
  artifactKey: Guid(b1c4a498db175d5438218790255ecad4) Importer(815301076,1909f56bfc062723c751e8b465ee728b)
Start importing Assets/Prefabs/Granade.prefab using Guid(b1c4a498db175d5438218790255ecad4) Importer(815301076,1909f56bfc062723c751e8b465ee728b)  -> (artifact id: '2fc85cd8b25366b8273251dba35ceb53') in 0.049509 seconds
  Import took 0.051352 seconds .

========================================================================
Received Prepare
Registering precompiled user dll's ...
Registered in 0.000474 seconds.
Begin MonoManager ReloadAssembly
Native extension for WindowsStandalone target not found
Refreshing native plugins compatible for Editor in 0.25 ms, found 0 plugins.
Preloading 0 native plugins for Editor in 0.00 ms.
Mono: successfully reloaded assembly
- Completed reload, in  0.623 seconds
Platform modules already initialized, skipping
Refreshing native plugins compatible for Editor in 0.21 ms, found 0 plugins.
Preloading 0 native plugins for Editor in 0.00 ms.
Unloading 1131 Unused Serialized files (Serialized files now loaded: 0)
System memory in use before: 88.1 MB.
System memory in use after: 87.8 MB.

Unloading 7 unused Assets to reduce memory usage. Loaded Objects now: 1704.
Total: 1.560900 ms (FindLiveObjects: 0.153000 ms CreateObjectMapping: 0.030700 ms MarkObjects: 1.190800 ms  DeleteObjects: 0.185500 ms)

========================================================================
Received Import Request.
  Time since last request: 84.352814 seconds.
  path: Assets/Prefabs/Explosion.prefab
  artifactKey: Guid(15ca5b8fa431dc04291a79cadcd19874) Importer(815301076,1909f56bfc062723c751e8b465ee728b)
Start importing Assets/Prefabs/Explosion.prefab using Guid(15ca5b8fa431dc04291a79cadcd19874) Importer(815301076,1909f56bfc062723c751e8b465ee728b)  -> (artifact id: '52fe33395c2436437ab6ec97da1375e2') in 0.025161 seconds
  Import took 0.027622 seconds .

========================================================================
Received Prepare
Registering precompiled user dll's ...
Registered in 0.000418 seconds.
Begin MonoManager ReloadAssembly
Native extension for WindowsStandalone target not found
Refreshing native plugins compatible for Editor in 0.24 ms, found 0 plugins.
Preloading 0 native plugins for Editor in 0.00 ms.
Mono: successfully reloaded assembly
- Completed reload, in  0.598 seconds
Platform modules already initialized, skipping
Refreshing native plugins compatible for Editor in 0.22 ms, found 0 plugins.
Preloading 0 native plugins for Editor in 0.00 ms.
Unloading 1120 Unused Serialized files (Serialized files now loaded: 0)
System memory in use before: 87.5 MB.
System memory in use after: 87.5 MB.

Unloading 15 unused Assets to reduce memory usage. Loaded Objects now: 1697.
Total: 1.453100 ms (FindLiveObjects: 0.139300 ms CreateObjectMapping: 0.026000 ms MarkObjects: 1.216200 ms  DeleteObjects: 0.070000 ms)

========================================================================
Received Import Request.
  Time since last request: 32.021393 seconds.
  path: Assets/Tree_Textures/diffuse.png
  artifactKey: Guid(d975b0793c19a5f4393ab612252c1fd4) Importer(815301076,1909f56bfc062723c751e8b465ee728b)
Start importing Assets/Tree_Textures/diffuse.png using Guid(d975b0793c19a5f4393ab612252c1fd4) Importer(815301076,1909f56bfc062723c751e8b465ee728b)  -> (artifact id: '112634e6d6aba00b0f4e8dd69fcb1b2a') in 0.062436 seconds
  Import took 0.064267 seconds .

========================================================================
Received Import Request.
  Time since last request: 0.000178 seconds.
  path: Assets/Tree_Textures/normal_specular.png
  artifactKey: Guid(edf6ac09cc4ca894fb68a3da7b3c5c68) Importer(815301076,1909f56bfc062723c751e8b465ee728b)
Start importing Assets/Tree_Textures/normal_specular.png using Guid(edf6ac09cc4ca894fb68a3da7b3c5c68) Importer(815301076,1909f56bfc062723c751e8b465ee728b)  -> (artifact id: '858b86d0d391229aad436543df8a5e1b') in 0.010124 seconds
  Import took 0.011775 seconds .

========================================================================
Received Import Request.
  Time since last request: 0.000214 seconds.
  path: Assets/Tree_Textures/shadow.png
  artifactKey: Guid(e12c38aba69d5944c98cffbfb9fa558b) Importer(815301076,1909f56bfc062723c751e8b465ee728b)
Start importing Assets/Tree_Textures/shadow.png using Guid(e12c38aba69d5944c98cffbfb9fa558b) Importer(815301076,1909f56bfc062723c751e8b465ee728b)  -> (artifact id: '8ac612e826524d80714485662ca1ce20') in 0.010524 seconds
  Import took 0.012072 seconds .

========================================================================
Received Import Request.
  Time since last request: 0.000246 seconds.
  path: Assets/Tree_Textures/translucency_gloss.png
  artifactKey: Guid(aa234f8e3f2dacc409b5f857c9781d14) Importer(815301076,1909f56bfc062723c751e8b465ee728b)
Start importing Assets/Tree_Textures/translucency_gloss.png using Guid(aa234f8e3f2dacc409b5f857c9781d14) Importer(815301076,1909f56bfc062723c751e8b465ee728b)  -> (artifact id: '23c7a00ea168f7e0b42080eb991f3ecf') in 0.008166 seconds
  Import took 0.009945 seconds .

========================================================================
Received Prepare
Registering precompiled user dll's ...
Registered in 0.000333 seconds.
Begin MonoManager ReloadAssembly
Native extension for WindowsStandalone target not found
Refreshing native plugins compatible for Editor in 0.22 ms, found 0 plugins.
Preloading 0 native plugins for Editor in 0.00 ms.
Mono: successfully reloaded assembly
- Completed reload, in  0.588 seconds
Platform modules already initialized, skipping
Refreshing native plugins compatible for Editor in 0.21 ms, found 0 plugins.
Preloading 0 native plugins for Editor in 0.00 ms.
Unloading 1131 Unused Serialized files (Serialized files now loaded: 0)
System memory in use before: 88.1 MB.
System memory in use after: 87.9 MB.

Unloading 6 unused Assets to reduce memory usage. Loaded Objects now: 1713.
Total: 1.587300 ms (FindLiveObjects: 0.143500 ms CreateObjectMapping: 0.029600 ms MarkObjects: 1.189000 ms  DeleteObjects: 0.224600 ms)

========================================================================
Received Prepare
Registering precompiled user dll's ...
Registered in 0.000316 seconds.
Begin MonoManager ReloadAssembly
Native extension for WindowsStandalone target not found
Refreshing native plugins compatible for Editor in 0.22 ms, found 0 plugins.
Preloading 0 native plugins for Editor in 0.00 ms.
Mono: successfully reloaded assembly
- Completed reload, in  0.624 seconds
Platform modules already initialized, skipping
Refreshing native plugins compatible for Editor in 0.20 ms, found 0 plugins.
Preloading 0 native plugins for Editor in 0.00 ms.
Unloading 1131 Unused Serialized files (Serialized files now loaded: 0)
System memory in use before: 88.1 MB.
System memory in use after: 87.9 MB.

Unloading 6 unused Assets to reduce memory usage. Loaded Objects now: 1716.
Total: 1.621700 ms (FindLiveObjects: 0.175200 ms CreateObjectMapping: 0.026500 ms MarkObjects: 1.171900 ms  DeleteObjects: 0.247400 ms)

========================================================================
Received Import Request.
  Time since last request: 56.460870 seconds.
  path: Assets/Prefabs/True Explosions
  artifactKey: Guid(cd81044a49ac99f488f6aad8b8a9ee34) Importer(815301076,1909f56bfc062723c751e8b465ee728b)
Start importing Assets/Prefabs/True Explosions using Guid(cd81044a49ac99f488f6aad8b8a9ee34) Importer(815301076,1909f56bfc062723c751e8b465ee728b)  -> (artifact id: '685087b1723df965177542f16d0f4e04') in 0.004254 seconds
  Import took 0.005997 seconds .

========================================================================
Received Import Request.
  Time since last request: 0.005651 seconds.
  path: Assets/Prefabs/True Explosions
  artifactKey: Guid(cd81044a49ac99f488f6aad8b8a9ee34) Importer(815301076,1909f56bfc062723c751e8b465ee728b)
Start importing Assets/Prefabs/True Explosions using Guid(cd81044a49ac99f488f6aad8b8a9ee34) Importer(815301076,1909f56bfc062723c751e8b465ee728b)  -> (artifact id: '685087b1723df965177542f16d0f4e04') in 0.001772 seconds
  Import took 0.003621 seconds .

========================================================================
Received Import Request.
  Time since last request: 1.185000 seconds.
  path: Assets/Prefabs/True Explosions/System
  artifactKey: Guid(3dfedb91a7d0c6448a8a7dbf7aac7774) Importer(815301076,1909f56bfc062723c751e8b465ee728b)
Start importing Assets/Prefabs/True Explosions/System using Guid(3dfedb91a7d0c6448a8a7dbf7aac7774) Importer(815301076,1909f56bfc062723c751e8b465ee728b)  -> (artifact id: 'a0644ab1d3dfe6cb86d562430bd51dc8') in 0.001789 seconds
  Import took 0.003651 seconds .

========================================================================
Received Import Request.
  Time since last request: 1.046163 seconds.
  path: Assets/Prefabs/True Explosions/System/Prefabs
  artifactKey: Guid(74cab9dff81ab8445b705d65cdd37b00) Importer(815301076,1909f56bfc062723c751e8b465ee728b)
Start importing Assets/Prefabs/True Explosions/System/Prefabs using Guid(74cab9dff81ab8445b705d65cdd37b00) Importer(815301076,1909f56bfc062723c751e8b465ee728b)  -> (artifact id: 'cbac778ea3489fecbf6191dff5264ea8') in 0.001362 seconds
  Import took 0.003229 seconds .

========================================================================
Received Import Request.
  Time since last request: 35.226900 seconds.
  path: Assets/Prefabs/Granade.prefab
  artifactKey: Guid(b1c4a498db175d5438218790255ecad4) Importer(815301076,1909f56bfc062723c751e8b465ee728b)
Start importing Assets/Prefabs/Granade.prefab using Guid(b1c4a498db175d5438218790255ecad4) Importer(815301076,1909f56bfc062723c751e8b465ee728b)  -> (artifact id: 'ff126cd6f1c7f17df328abd64454ffa6') in 0.049325 seconds
  Import took 0.052213 seconds .

========================================================================
Received Prepare
Registering precompiled user dll's ...
Registered in 0.000779 seconds.
Begin MonoManager ReloadAssembly
Native extension for WindowsStandalone target not found
Refreshing native plugins compatible for Editor in 0.22 ms, found 0 plugins.
Preloading 0 native plugins for Editor in 0.00 ms.
Mono: successfully reloaded assembly
- Completed reload, in  0.612 seconds
Platform modules already initialized, skipping
Refreshing native plugins compatible for Editor in 0.22 ms, found 0 plugins.
Preloading 0 native plugins for Editor in 0.00 ms.
Unloading 1132 Unused Serialized files (Serialized files now loaded: 0)
System memory in use before: 88.2 MB.
System memory in use after: 87.9 MB.

Unloading 7 unused Assets to reduce memory usage. Loaded Objects now: 1721.
Total: 1.841400 ms (FindLiveObjects: 0.192100 ms CreateObjectMapping: 0.031400 ms MarkObjects: 1.328900 ms  DeleteObjects: 0.287600 ms)

========================================================================
Received Import Request.
  Time since last request: 33.278207 seconds.
  path: Assets/Scripts/NewBehaviourScript.cs
  artifactKey: Guid(e9b2a574827fd5b46bca75a5c56b8729) Importer(815301076,1909f56bfc062723c751e8b465ee728b)
Start importing Assets/Scripts/NewBehaviourScript.cs using Guid(e9b2a574827fd5b46bca75a5c56b8729) Importer(815301076,1909f56bfc062723c751e8b465ee728b)  -> (artifact id: '4e3c63381920ad33cf560e9ac70206dd') in 0.004037 seconds
  Import took 0.005843 seconds .

========================================================================
Received Prepare
Registering precompiled user dll's ...
Registered in 0.000492 seconds.
Begin MonoManager ReloadAssembly
Native extension for WindowsStandalone target not found
Refreshing native plugins compatible for Editor in 0.22 ms, found 0 plugins.
Preloading 0 native plugins for Editor in 0.00 ms.
Mono: successfully reloaded assembly
- Completed reload, in  0.628 seconds
Platform modules already initialized, skipping
Refreshing native plugins compatible for Editor in 0.21 ms, found 0 plugins.
Preloading 0 native plugins for Editor in 0.00 ms.
Unloading 1132 Unused Serialized files (Serialized files now loaded: 0)
System memory in use before: 88.2 MB.
System memory in use after: 87.9 MB.

Unloading 6 unused Assets to reduce memory usage. Loaded Objects now: 1724.
Total: 1.624200 ms (FindLiveObjects: 0.152600 ms CreateObjectMapping: 0.029100 ms MarkObjects: 1.191400 ms  DeleteObjects: 0.250200 ms)

========================================================================
Received Import Request.
  Time since last request: 14.629848 seconds.
  path: Assets/Scripts/Destroyexplosion.cs
  artifactKey: Guid(e9b2a574827fd5b46bca75a5c56b8729) Importer(815301076,1909f56bfc062723c751e8b465ee728b)
Start importing Assets/Scripts/Destroyexplosion.cs using Guid(e9b2a574827fd5b46bca75a5c56b8729) Importer(815301076,1909f56bfc062723c751e8b465ee728b)  -> (artifact id: '690c99f82fc653dc95fc791e2c33f954') in 0.007660 seconds
  Import took 0.011084 seconds .

========================================================================
Received Prepare
Registering precompiled user dll's ...
Registered in 0.000442 seconds.
Begin MonoManager ReloadAssembly
Native extension for WindowsStandalone target not found
Refreshing native plugins compatible for Editor in 0.21 ms, found 0 plugins.
Preloading 0 native plugins for Editor in 0.00 ms.
Mono: successfully reloaded assembly
- Completed reload, in  0.611 seconds
Platform modules already initialized, skipping
Refreshing native plugins compatible for Editor in 0.22 ms, found 0 plugins.
Preloading 0 native plugins for Editor in 0.00 ms.
Unloading 1132 Unused Serialized files (Serialized files now loaded: 0)
System memory in use before: 88.2 MB.
System memory in use after: 87.9 MB.

Unloading 6 unused Assets to reduce memory usage. Loaded Objects now: 1727.
Total: 2.550700 ms (FindLiveObjects: 0.164700 ms CreateObjectMapping: 0.026600 ms MarkObjects: 1.962000 ms  DeleteObjects: 0.396100 ms)

========================================================================
Received Prepare
Registering precompiled user dll's ...
Registered in 0.000366 seconds.
Begin MonoManager ReloadAssembly
Native extension for WindowsStandalone target not found
Refreshing native plugins compatible for Editor in 0.21 ms, found 0 plugins.
Preloading 0 native plugins for Editor in 0.00 ms.
Mono: successfully reloaded assembly
- Completed reload, in  0.614 seconds
Platform modules already initialized, skipping
Refreshing native plugins compatible for Editor in 0.21 ms, found 0 plugins.
Preloading 0 native plugins for Editor in 0.00 ms.
Unloading 1132 Unused Serialized files (Serialized files now loaded: 0)
System memory in use before: 88.2 MB.
System memory in use after: 87.9 MB.

Unloading 6 unused Assets to reduce memory usage. Loaded Objects now: 1730.
Total: 1.586900 ms (FindLiveObjects: 0.141800 ms CreateObjectMapping: 0.026400 ms MarkObjects: 1.171000 ms  DeleteObjects: 0.246900 ms)

========================================================================
Received Import Request.
  Time since last request: 83.120343 seconds.
  path: Assets/Scripts/Destroyexplosion.cs
  artifactKey: Guid(e9b2a574827fd5b46bca75a5c56b8729) Importer(815301076,1909f56bfc062723c751e8b465ee728b)
Start importing Assets/Scripts/Destroyexplosion.cs using Guid(e9b2a574827fd5b46bca75a5c56b8729) Importer(815301076,1909f56bfc062723c751e8b465ee728b)  -> (artifact id: '47a9d2d87530ce2104c5a06d2089117d') in 0.002906 seconds
  Import took 0.004320 seconds .

========================================================================
Received Prepare
Registering precompiled user dll's ...
Registered in 0.000345 seconds.
Begin MonoManager ReloadAssembly
Native extension for WindowsStandalone target not found
Refreshing native plugins compatible for Editor in 0.21 ms, found 0 plugins.
Preloading 0 native plugins for Editor in 0.00 ms.
Mono: successfully reloaded assembly
- Completed reload, in  0.583 seconds
Platform modules already initialized, skipping
Refreshing native plugins compatible for Editor in 0.23 ms, found 0 plugins.
Preloading 0 native plugins for Editor in 0.00 ms.
Unloading 1131 Unused Serialized files (Serialized files now loaded: 0)
System memory in use before: 88.2 MB.
System memory in use after: 87.9 MB.

Unloading 7 unused Assets to reduce memory usage. Loaded Objects now: 1732.
Total: 1.892400 ms (FindLiveObjects: 0.156900 ms CreateObjectMapping: 0.027000 ms MarkObjects: 1.449300 ms  DeleteObjects: 0.258100 ms)

========================================================================
Received Import Request.
  Time since last request: 43.343969 seconds.
  path: Assets/Scripts/DestroyExplosion.cs
  artifactKey: Guid(e9b2a574827fd5b46bca75a5c56b8729) Importer(815301076,1909f56bfc062723c751e8b465ee728b)
Start importing Assets/Scripts/DestroyExplosion.cs using Guid(e9b2a574827fd5b46bca75a5c56b8729) Importer(815301076,1909f56bfc062723c751e8b465ee728b)  -> (artifact id: 'ea8e04351030d6f42499654d1d26c8f3') in 0.012073 seconds
  Import took 0.014861 seconds .

========================================================================
Received Prepare
Registering precompiled user dll's ...
Registered in 0.000349 seconds.
Begin MonoManager ReloadAssembly
Native extension for WindowsStandalone target not found
Refreshing native plugins compatible for Editor in 0.22 ms, found 0 plugins.
Preloading 0 native plugins for Editor in 0.00 ms.
Mono: successfully reloaded assembly
- Completed reload, in  0.606 seconds
Platform modules already initialized, skipping
Refreshing native plugins compatible for Editor in 0.23 ms, found 0 plugins.
Preloading 0 native plugins for Editor in 0.00 ms.
Unloading 1132 Unused Serialized files (Serialized files now loaded: 0)
System memory in use before: 88.2 MB.
System memory in use after: 87.9 MB.

Unloading 6 unused Assets to reduce memory usage. Loaded Objects now: 1736.
Total: 1.886500 ms (FindLiveObjects: 0.163300 ms CreateObjectMapping: 0.026600 ms MarkObjects: 1.387800 ms  DeleteObjects: 0.307700 ms)

========================================================================
Received Prepare
Registering precompiled user dll's ...
Registered in 0.000395 seconds.
Begin MonoManager ReloadAssembly
Native extension for WindowsStandalone target not found
Refreshing native plugins compatible for Editor in 0.23 ms, found 0 plugins.
Preloading 0 native plugins for Editor in 0.00 ms.
Mono: successfully reloaded assembly
- Completed reload, in  0.619 seconds
Platform modules already initialized, skipping
Refreshing native plugins compatible for Editor in 0.21 ms, found 0 plugins.
Preloading 0 native plugins for Editor in 0.00 ms.
Unloading 1132 Unused Serialized files (Serialized files now loaded: 0)
System memory in use before: 88.2 MB.
System memory in use after: 87.9 MB.

Unloading 6 unused Assets to reduce memory usage. Loaded Objects now: 1739.
Total: 1.873700 ms (FindLiveObjects: 0.149500 ms CreateObjectMapping: 0.029200 ms MarkObjects: 1.462200 ms  DeleteObjects: 0.231800 ms)

========================================================================
Received Import Request.
  Time since last request: 23.339576 seconds.
  path: Assets/Scripts/DestroyExplosion.cs
  artifactKey: Guid(e9b2a574827fd5b46bca75a5c56b8729) Importer(815301076,1909f56bfc062723c751e8b465ee728b)
Start importing Assets/Scripts/DestroyExplosion.cs using Guid(e9b2a574827fd5b46bca75a5c56b8729) Importer(815301076,1909f56bfc062723c751e8b465ee728b)  -> (artifact id: '7832465ef7662411e7064bdfa956e5b6') in 0.002732 seconds
  Import took 0.004291 seconds .

========================================================================
Received Import Request.
  Time since last request: 3.518910 seconds.
  path: Assets/Prefabs/True Explosions/System/Prefabs/Explosion.prefab
  artifactKey: Guid(15ca5b8fa431dc04291a79cadcd19874) Importer(815301076,1909f56bfc062723c751e8b465ee728b)
Start importing Assets/Prefabs/True Explosions/System/Prefabs/Explosion.prefab using Guid(15ca5b8fa431dc04291a79cadcd19874) Importer(815301076,1909f56bfc062723c751e8b465ee728b)  -> (artifact id: 'bad776f1772a510c6dbbca2228751a7b') in 0.023189 seconds
  Import took 0.025180 seconds .

========================================================================
Received Prepare
Registering precompiled user dll's ...
Registered in 0.000446 seconds.
Begin MonoManager ReloadAssembly
Native extension for WindowsStandalone target not found
Refreshing native plugins compatible for Editor in 0.23 ms, found 0 plugins.
Preloading 0 native plugins for Editor in 0.00 ms.
Mono: successfully reloaded assembly
- Completed reload, in  0.602 seconds
Platform modules already initialized, skipping
Refreshing native plugins compatible for Editor in 0.21 ms, found 0 plugins.
Preloading 0 native plugins for Editor in 0.00 ms.
Unloading 1132 Unused Serialized files (Serialized files now loaded: 0)
System memory in use before: 88.2 MB.
System memory in use after: 88.0 MB.

Unloading 6 unused Assets to reduce memory usage. Loaded Objects now: 1742.
Total: 1.612100 ms (FindLiveObjects: 0.145900 ms CreateObjectMapping: 0.025300 ms MarkObjects: 1.190300 ms  DeleteObjects: 0.249900 ms)

========================================================================
Received Prepare
Registering precompiled user dll's ...
Registered in 0.000366 seconds.
Begin MonoManager ReloadAssembly
Native extension for WindowsStandalone target not found
Refreshing native plugins compatible for Editor in 0.21 ms, found 0 plugins.
Preloading 0 native plugins for Editor in 0.00 ms.
Mono: successfully reloaded assembly
- Completed reload, in  0.583 seconds
Platform modules already initialized, skipping
Refreshing native plugins compatible for Editor in 0.23 ms, found 0 plugins.
Preloading 0 native plugins for Editor in 0.00 ms.
Unloading 1132 Unused Serialized files (Serialized files now loaded: 0)
System memory in use before: 88.2 MB.
System memory in use after: 88.0 MB.

Unloading 6 unused Assets to reduce memory usage. Loaded Objects now: 1745.
Total: 1.798500 ms (FindLiveObjects: 0.158100 ms CreateObjectMapping: 0.029700 ms MarkObjects: 1.345500 ms  DeleteObjects: 0.264400 ms)

========================================================================
Received Prepare
Registering precompiled user dll's ...
Registered in 0.000403 seconds.
Begin MonoManager ReloadAssembly
Native extension for WindowsStandalone target not found
Refreshing native plugins compatible for Editor in 0.22 ms, found 0 plugins.
Preloading 0 native plugins for Editor in 0.00 ms.
Mono: successfully reloaded assembly
- Completed reload, in  0.578 seconds
Platform modules already initialized, skipping
Refreshing native plugins compatible for Editor in 0.22 ms, found 0 plugins.
Preloading 0 native plugins for Editor in 0.00 ms.
Unloading 1132 Unused Serialized files (Serialized files now loaded: 0)
System memory in use before: 88.2 MB.
System memory in use after: 88.0 MB.

Unloading 6 unused Assets to reduce memory usage. Loaded Objects now: 1748.
Total: 1.981800 ms (FindLiveObjects: 0.154500 ms CreateObjectMapping: 0.025500 ms MarkObjects: 1.542200 ms  DeleteObjects: 0.258400 ms)

========================================================================
Received Import Request.
  Time since last request: 492.430149 seconds.
  path: Assets/Prefabs/True Explosions/System/Prefabs/Explosion.prefab
  artifactKey: Guid(15ca5b8fa431dc04291a79cadcd19874) Importer(815301076,1909f56bfc062723c751e8b465ee728b)
Start importing Assets/Prefabs/True Explosions/System/Prefabs/Explosion.prefab using Guid(15ca5b8fa431dc04291a79cadcd19874) Importer(815301076,1909f56bfc062723c751e8b465ee728b)  -> (artifact id: '728f1ab0c587a41f0cb5b14662956d44') in 0.049193 seconds
  Import took 0.051175 seconds .

========================================================================
Received Prepare
Registering precompiled user dll's ...
Registered in 0.000368 seconds.
Begin MonoManager ReloadAssembly
Native extension for WindowsStandalone target not found
Refreshing native plugins compatible for Editor in 0.23 ms, found 0 plugins.
Preloading 0 native plugins for Editor in 0.00 ms.
Mono: successfully reloaded assembly
- Completed reload, in  0.680 seconds
Platform modules already initialized, skipping
Refreshing native plugins compatible for Editor in 0.23 ms, found 0 plugins.
Preloading 0 native plugins for Editor in 0.00 ms.
Unloading 1132 Unused Serialized files (Serialized files now loaded: 0)
System memory in use before: 88.3 MB.
System memory in use after: 88.0 MB.

Unloading 6 unused Assets to reduce memory usage. Loaded Objects now: 1754.
Total: 1.709500 ms (FindLiveObjects: 0.149700 ms CreateObjectMapping: 0.027000 ms MarkObjects: 1.285700 ms  DeleteObjects: 0.246300 ms)

========================================================================
Received Import Request.
  Time since last request: 65.090522 seconds.
  path: Assets/Prefabs/True Explosions/System/Prefabs/Explosion.prefab
  artifactKey: Guid(15ca5b8fa431dc04291a79cadcd19874) Importer(815301076,1909f56bfc062723c751e8b465ee728b)
Start importing Assets/Prefabs/True Explosions/System/Prefabs/Explosion.prefab using Guid(15ca5b8fa431dc04291a79cadcd19874) Importer(815301076,1909f56bfc062723c751e8b465ee728b)  -> (artifact id: '7d9dd86d746e6ea6e15456baa4df7e8e') in 0.053337 seconds
  Import took 0.055567 seconds .

========================================================================
Received Prepare
Registering precompiled user dll's ...
Registered in 0.000466 seconds.
Begin MonoManager ReloadAssembly
Native extension for WindowsStandalone target not found
Refreshing native plugins compatible for Editor in 0.22 ms, found 0 plugins.
Preloading 0 native plugins for Editor in 0.00 ms.
Mono: successfully reloaded assembly
- Completed reload, in  0.595 seconds
Platform modules already initialized, skipping
Refreshing native plugins compatible for Editor in 0.21 ms, found 0 plugins.
Preloading 0 native plugins for Editor in 0.00 ms.
Unloading 1132 Unused Serialized files (Serialized files now loaded: 0)
System memory in use before: 88.3 MB.
System memory in use after: 88.0 MB.

Unloading 6 unused Assets to reduce memory usage. Loaded Objects now: 1758.
Total: 1.605500 ms (FindLiveObjects: 0.152800 ms CreateObjectMapping: 0.025000 ms MarkObjects: 1.187500 ms  DeleteObjects: 0.239500 ms)

========================================================================
Received Prepare
Registering precompiled user dll's ...
Registered in 0.000417 seconds.
Begin MonoManager ReloadAssembly
Native extension for WindowsStandalone target not found
Refreshing native plugins compatible for Editor in 0.31 ms, found 0 plugins.
Preloading 0 native plugins for Editor in 0.00 ms.
Mono: successfully reloaded assembly
- Completed reload, in  0.596 seconds
Platform modules already initialized, skipping
Refreshing native plugins compatible for Editor in 0.22 ms, found 0 plugins.
Preloading 0 native plugins for Editor in 0.00 ms.
Unloading 1132 Unused Serialized files (Serialized files now loaded: 0)
System memory in use before: 88.3 MB.
System memory in use after: 88.0 MB.

Unloading 6 unused Assets to reduce memory usage. Loaded Objects now: 1761.
Total: 1.964000 ms (FindLiveObjects: 0.155200 ms CreateObjectMapping: 0.127300 ms MarkObjects: 1.420400 ms  DeleteObjects: 0.260200 ms)

========================================================================
Received Import Request.
  Time since last request: 552.119755 seconds.
  path: ProjectSettings/TagManager.asset
  artifactKey: Guid(00000000000000003000000000000000) Importer(815301076,1909f56bfc062723c751e8b465ee728b)
Start importing ProjectSettings/TagManager.asset using Guid(00000000000000003000000000000000) Importer(815301076,1909f56bfc062723c751e8b465ee728b)  -> (artifact id: 'e7bf969b4ff67b293f8d6ecf84bcd8ba') in 0.008208 seconds
  Import took 0.009999 seconds .

========================================================================
Received Prepare
Registering precompiled user dll's ...
Registered in 0.000334 seconds.
Begin MonoManager ReloadAssembly
Native extension for WindowsStandalone target not found
Refreshing native plugins compatible for Editor in 0.22 ms, found 0 plugins.
Preloading 0 native plugins for Editor in 0.00 ms.
Mono: successfully reloaded assembly
- Completed reload, in  0.586 seconds
Platform modules already initialized, skipping
Refreshing native plugins compatible for Editor in 0.21 ms, found 0 plugins.
Preloading 0 native plugins for Editor in 0.00 ms.
Unloading 1132 Unused Serialized files (Serialized files now loaded: 0)
System memory in use before: 88.3 MB.
System memory in use after: 88.0 MB.

Unloading 7 unused Assets to reduce memory usage. Loaded Objects now: 1764.
Total: 1.792100 ms (FindLiveObjects: 0.137800 ms CreateObjectMapping: 0.029300 ms MarkObjects: 1.360300 ms  DeleteObjects: 0.263900 ms)

========================================================================
Received Prepare
Registering precompiled user dll's ...
Registered in 0.000540 seconds.
Begin MonoManager ReloadAssembly
Native extension for WindowsStandalone target not found
Refreshing native plugins compatible for Editor in 0.21 ms, found 0 plugins.
Preloading 0 native plugins for Editor in 0.00 ms.
Mono: successfully reloaded assembly
- Completed reload, in  0.593 seconds
Platform modules already initialized, skipping
Refreshing native plugins compatible for Editor in 0.21 ms, found 0 plugins.
Preloading 0 native plugins for Editor in 0.00 ms.
Unloading 1132 Unused Serialized files (Serialized files now loaded: 0)
System memory in use before: 88.3 MB.
System memory in use after: 88.0 MB.

Unloading 6 unused Assets to reduce memory usage. Loaded Objects now: 1767.
Total: 1.928400 ms (FindLiveObjects: 0.150100 ms CreateObjectMapping: 0.029000 ms MarkObjects: 1.509400 ms  DeleteObjects: 0.238600 ms)

========================================================================
Received Prepare
Registering precompiled user dll's ...
Registered in 0.000380 seconds.
Begin MonoManager ReloadAssembly
Native extension for WindowsStandalone target not found
Refreshing native plugins compatible for Editor in 0.20 ms, found 0 plugins.
Preloading 0 native plugins for Editor in 0.00 ms.
Mono: successfully reloaded assembly
- Completed reload, in  0.593 seconds
Platform modules already initialized, skipping
Refreshing native plugins compatible for Editor in 0.23 ms, found 0 plugins.
Preloading 0 native plugins for Editor in 0.00 ms.
Unloading 1132 Unused Serialized files (Serialized files now loaded: 0)
System memory in use before: 88.3 MB.
System memory in use after: 88.0 MB.

Unloading 6 unused Assets to reduce memory usage. Loaded Objects now: 1770.
Total: 1.710200 ms (FindLiveObjects: 0.165000 ms CreateObjectMapping: 0.025900 ms MarkObjects: 1.248500 ms  DeleteObjects: 0.269100 ms)

========================================================================
Received Prepare
Registering precompiled user dll's ...
Registered in 0.000389 seconds.
Begin MonoManager ReloadAssembly
Native extension for WindowsStandalone target not found
Refreshing native plugins compatible for Editor in 0.21 ms, found 0 plugins.
Preloading 0 native plugins for Editor in 0.00 ms.
Mono: successfully reloaded assembly
- Completed reload, in  0.600 seconds
Platform modules already initialized, skipping
Refreshing native plugins compatible for Editor in 0.23 ms, found 0 plugins.
Preloading 0 native plugins for Editor in 0.00 ms.
Unloading 1132 Unused Serialized files (Serialized files now loaded: 0)
System memory in use before: 88.3 MB.
System memory in use after: 88.1 MB.

Unloading 6 unused Assets to reduce memory usage. Loaded Objects now: 1773.
Total: 1.672700 ms (FindLiveObjects: 0.166600 ms CreateObjectMapping: 0.026200 ms MarkObjects: 1.229100 ms  DeleteObjects: 0.250000 ms)

========================================================================
Received Prepare
Registering precompiled user dll's ...
Registered in 0.000547 seconds.
Begin MonoManager ReloadAssembly
Native extension for WindowsStandalone target not found
Refreshing native plugins compatible for Editor in 0.24 ms, found 0 plugins.
Preloading 0 native plugins for Editor in 0.00 ms.
Mono: successfully reloaded assembly
- Completed reload, in  0.683 seconds
Platform modules already initialized, skipping
Refreshing native plugins compatible for Editor in 0.23 ms, found 0 plugins.
Preloading 0 native plugins for Editor in 0.00 ms.
Unloading 1132 Unused Serialized files (Serialized files now loaded: 0)
System memory in use before: 88.3 MB.
System memory in use after: 88.1 MB.

Unloading 6 unused Assets to reduce memory usage. Loaded Objects now: 1776.
Total: 1.728200 ms (FindLiveObjects: 0.162600 ms CreateObjectMapping: 0.026000 ms MarkObjects: 1.279400 ms  DeleteObjects: 0.259100 ms)

========================================================================
Received Prepare
Registering precompiled user dll's ...
Registered in 0.000470 seconds.
Begin MonoManager ReloadAssembly
Native extension for WindowsStandalone target not found
Refreshing native plugins compatible for Editor in 0.21 ms, found 0 plugins.
Preloading 0 native plugins for Editor in 0.00 ms.
Mono: successfully reloaded assembly
- Completed reload, in  0.581 seconds
Platform modules already initialized, skipping
Refreshing native plugins compatible for Editor in 0.21 ms, found 0 plugins.
Preloading 0 native plugins for Editor in 0.00 ms.
Unloading 1132 Unused Serialized files (Serialized files now loaded: 0)
System memory in use before: 88.3 MB.
System memory in use after: 88.1 MB.

Unloading 6 unused Assets to reduce memory usage. Loaded Objects now: 1779.
Total: 1.656200 ms (FindLiveObjects: 0.149900 ms CreateObjectMapping: 0.028800 ms MarkObjects: 1.238800 ms  DeleteObjects: 0.238100 ms)

========================================================================
Received Import Request.
  Time since last request: 1632.544940 seconds.
  path: Assets/Scripts/LogicTask.cs
  artifactKey: Guid(82fc09aedcdaf1942a7be992670064a8) Importer(815301076,1909f56bfc062723c751e8b465ee728b)
Start importing Assets/Scripts/LogicTask.cs using Guid(82fc09aedcdaf1942a7be992670064a8) Importer(815301076,1909f56bfc062723c751e8b465ee728b)  -> (artifact id: '8e5c5d4c2e7151c48323154bacd40f6f') in 0.005809 seconds
  Import took 0.008494 seconds .

========================================================================
Received Prepare
Registering precompiled user dll's ...
Registered in 0.000419 seconds.
Begin MonoManager ReloadAssembly
Native extension for WindowsStandalone target not found
Refreshing native plugins compatible for Editor in 0.23 ms, found 0 plugins.
Preloading 0 native plugins for Editor in 0.00 ms.
Mono: successfully reloaded assembly
- Completed reload, in  0.631 seconds
Platform modules already initialized, skipping
Refreshing native plugins compatible for Editor in 0.22 ms, found 0 plugins.
Preloading 0 native plugins for Editor in 0.00 ms.
Unloading 1133 Unused Serialized files (Serialized files now loaded: 0)
System memory in use before: 88.4 MB.
System memory in use after: 88.1 MB.

Unloading 6 unused Assets to reduce memory usage. Loaded Objects now: 1783.
Total: 1.856000 ms (FindLiveObjects: 0.161100 ms CreateObjectMapping: 0.033200 ms MarkObjects: 1.343900 ms  DeleteObjects: 0.316400 ms)

========================================================================
Received Import Request.
  Time since last request: 192.017279 seconds.
  path: ProjectSettings/TagManager.asset
  artifactKey: Guid(00000000000000003000000000000000) Importer(815301076,1909f56bfc062723c751e8b465ee728b)
Start importing ProjectSettings/TagManager.asset using Guid(00000000000000003000000000000000) Importer(815301076,1909f56bfc062723c751e8b465ee728b)  -> (artifact id: '6969d3e9125a8b3c7070757b8b93e3d8') in 0.009439 seconds
  Import took 0.011389 seconds .

========================================================================
Received Prepare
Registering precompiled user dll's ...
Registered in 0.000402 seconds.
Begin MonoManager ReloadAssembly
Native extension for WindowsStandalone target not found
Refreshing native plugins compatible for Editor in 0.21 ms, found 0 plugins.
Preloading 0 native plugins for Editor in 0.00 ms.
Mono: successfully reloaded assembly
- Completed reload, in  0.599 seconds
Platform modules already initialized, skipping
Refreshing native plugins compatible for Editor in 0.22 ms, found 0 plugins.
Preloading 0 native plugins for Editor in 0.00 ms.
Unloading 1133 Unused Serialized files (Serialized files now loaded: 0)
System memory in use before: 88.5 MB.
System memory in use after: 88.2 MB.

Unloading 7 unused Assets to reduce memory usage. Loaded Objects now: 1786.
Total: 2.021800 ms (FindLiveObjects: 0.160800 ms CreateObjectMapping: 0.078700 ms MarkObjects: 1.537400 ms  DeleteObjects: 0.243800 ms)

========================================================================
Received Prepare
Registering precompiled user dll's ...
Registered in 0.000375 seconds.
Begin MonoManager ReloadAssembly
Native extension for WindowsStandalone target not found
Refreshing native plugins compatible for Editor in 0.23 ms, found 0 plugins.
Preloading 0 native plugins for Editor in 0.00 ms.
Mono: successfully reloaded assembly
- Completed reload, in  0.593 seconds
Platform modules already initialized, skipping
Refreshing native plugins compatible for Editor in 0.21 ms, found 0 plugins.
Preloading 0 native plugins for Editor in 0.00 ms.
Unloading 1133 Unused Serialized files (Serialized files now loaded: 0)
System memory in use before: 88.5 MB.
System memory in use after: 88.2 MB.

Unloading 6 unused Assets to reduce memory usage. Loaded Objects now: 1789.
Total: 1.809400 ms (FindLiveObjects: 0.142300 ms CreateObjectMapping: 0.029200 ms MarkObjects: 1.370400 ms  DeleteObjects: 0.266600 ms)

========================================================================
Received Prepare
Registering precompiled user dll's ...
Registered in 0.000498 seconds.
Begin MonoManager ReloadAssembly
Native extension for WindowsStandalone target not found
Refreshing native plugins compatible for Editor in 0.21 ms, found 0 plugins.
Preloading 0 native plugins for Editor in 0.00 ms.
Mono: successfully reloaded assembly
- Completed reload, in  0.598 seconds
Platform modules already initialized, skipping
Refreshing native plugins compatible for Editor in 0.21 ms, found 0 plugins.
Preloading 0 native plugins for Editor in 0.00 ms.
Unloading 1133 Unused Serialized files (Serialized files now loaded: 0)
System memory in use before: 88.5 MB.
System memory in use after: 88.2 MB.

Unloading 6 unused Assets to reduce memory usage. Loaded Objects now: 1792.
Total: 1.863000 ms (FindLiveObjects: 0.147000 ms CreateObjectMapping: 0.026000 ms MarkObjects: 1.451500 ms  DeleteObjects: 0.237400 ms)

========================================================================
Received Prepare
Registering precompiled user dll's ...
Registered in 0.000392 seconds.
Begin MonoManager ReloadAssembly
Native extension for WindowsStandalone target not found
Refreshing native plugins compatible for Editor in 0.23 ms, found 0 plugins.
Preloading 0 native plugins for Editor in 0.00 ms.
Mono: successfully reloaded assembly
- Completed reload, in  0.592 seconds
Platform modules already initialized, skipping
Refreshing native plugins compatible for Editor in 0.22 ms, found 0 plugins.
Preloading 0 native plugins for Editor in 0.00 ms.
Unloading 1133 Unused Serialized files (Serialized files now loaded: 0)
System memory in use before: 88.5 MB.
System memory in use after: 88.2 MB.

Unloading 6 unused Assets to reduce memory usage. Loaded Objects now: 1795.
Total: 1.982500 ms (FindLiveObjects: 0.194300 ms CreateObjectMapping: 0.028300 ms MarkObjects: 1.463700 ms  DeleteObjects: 0.295300 ms)

========================================================================
Received Prepare
Registering precompiled user dll's ...
Registered in 0.000444 seconds.
Begin MonoManager ReloadAssembly
Native extension for WindowsStandalone target not found
Refreshing native plugins compatible for Editor in 0.21 ms, found 0 plugins.
Preloading 0 native plugins for Editor in 0.00 ms.
Mono: successfully reloaded assembly
- Completed reload, in  0.600 seconds
Platform modules already initialized, skipping
Refreshing native plugins compatible for Editor in 0.21 ms, found 0 plugins.
Preloading 0 native plugins for Editor in 0.00 ms.
Unloading 1133 Unused Serialized files (Serialized files now loaded: 0)
System memory in use before: 88.5 MB.
System memory in use after: 88.2 MB.

Unloading 6 unused Assets to reduce memory usage. Loaded Objects now: 1798.
Total: 1.983200 ms (FindLiveObjects: 0.165000 ms CreateObjectMapping: 0.080500 ms MarkObjects: 1.479500 ms  DeleteObjects: 0.256700 ms)

========================================================================
Received Prepare
Registering precompiled user dll's ...
Registered in 0.000340 seconds.
Begin MonoManager ReloadAssembly
Native extension for WindowsStandalone target not found
Refreshing native plugins compatible for Editor in 0.21 ms, found 0 plugins.
Preloading 0 native plugins for Editor in 0.00 ms.
Mono: successfully reloaded assembly
- Completed reload, in  0.588 seconds
Platform modules already initialized, skipping
Refreshing native plugins compatible for Editor in 0.21 ms, found 0 plugins.
Preloading 0 native plugins for Editor in 0.00 ms.
Unloading 1133 Unused Serialized files (Serialized files now loaded: 0)
System memory in use before: 88.5 MB.
System memory in use after: 88.2 MB.

Unloading 6 unused Assets to reduce memory usage. Loaded Objects now: 1801.
Total: 1.687300 ms (FindLiveObjects: 0.153100 ms CreateObjectMapping: 0.029000 ms MarkObjects: 1.261800 ms  DeleteObjects: 0.242700 ms)

========================================================================
Received Prepare
Registering precompiled user dll's ...
Registered in 0.000398 seconds.
Begin MonoManager ReloadAssembly
Native extension for WindowsStandalone target not found
Refreshing native plugins compatible for Editor in 0.22 ms, found 0 plugins.
Preloading 0 native plugins for Editor in 0.00 ms.
Mono: successfully reloaded assembly
- Completed reload, in  0.592 seconds
Platform modules already initialized, skipping
Refreshing native plugins compatible for Editor in 0.25 ms, found 0 plugins.
Preloading 0 native plugins for Editor in 0.00 ms.
Unloading 1133 Unused Serialized files (Serialized files now loaded: 0)
System memory in use before: 88.5 MB.
System memory in use after: 88.2 MB.

Unloading 6 unused Assets to reduce memory usage. Loaded Objects now: 1804.
Total: 2.064700 ms (FindLiveObjects: 0.251900 ms CreateObjectMapping: 0.032100 ms MarkObjects: 1.554400 ms  DeleteObjects: 0.224800 ms)

========================================================================
Received Prepare
Registering precompiled user dll's ...
Registered in 0.000333 seconds.
Begin MonoManager ReloadAssembly
Native extension for WindowsStandalone target not found
Refreshing native plugins compatible for Editor in 0.20 ms, found 0 plugins.
Preloading 0 native plugins for Editor in 0.00 ms.
Mono: successfully reloaded assembly
- Completed reload, in  0.590 seconds
Platform modules already initialized, skipping
Refreshing native plugins compatible for Editor in 0.21 ms, found 0 plugins.
Preloading 0 native plugins for Editor in 0.00 ms.
Unloading 1133 Unused Serialized files (Serialized files now loaded: 0)
System memory in use before: 88.5 MB.
System memory in use after: 88.2 MB.

Unloading 6 unused Assets to reduce memory usage. Loaded Objects now: 1807.
Total: 1.689200 ms (FindLiveObjects: 0.154300 ms CreateObjectMapping: 0.029100 ms MarkObjects: 1.267600 ms  DeleteObjects: 0.237300 ms)

AssetImportWorkerClient::OnTransportError - code=2 error=End of file
